<?xml version="1.0" encoding="UTF-8"?>
<!-- Generated by org.testng.reporters.JUnitXMLReporter -->
<testsuite hostname="LAPTOP-VQ71OE6S" ignored="0" name="Logoin Test ch" tests="15" failures="0" timestamp="2020-09-24T17:07:00 EDT" time="1.58" errors="0">
  <testcase name="@BeforeMethod setUp" time="0.008" classname="org.slk.base.WebDriverWrapper">
    <failure type="java.lang.IllegalArgumentException" message="wrong number of arguments">
      <![CDATA[java.lang.IllegalArgumentException: wrong number of arguments
at java.util.ArrayList.forEach(ArrayList.java:1259)
... Removed 31 stack frames]]>
    </failure>
  </testcase> <!-- @BeforeMethod setUp -->
  <testcase name="@AfterMethod tearDown" time="-1.600981618504E9" classname="org.slk.base.WebDriverWrapper">
    <skipped/>
  </testcase> <!-- @AfterMethod tearDown -->
  <testcase name="@BeforeMethod setUp" time="-1.600981618508E9" classname="org.slk.base.WebDriverWrapper">
    <skipped/>
  </testcase> <!-- @BeforeMethod setUp -->
  <testcase name="@AfterMethod tearDown" time="-1.600981618517E9" classname="org.slk.base.WebDriverWrapper">
    <skipped/>
  </testcase> <!-- @AfterMethod tearDown -->
  <testcase name="@BeforeMethod setUp" time="-1.60098161852E9" classname="org.slk.base.WebDriverWrapper">
    <skipped/>
  </testcase> <!-- @BeforeMethod setUp -->
  <testcase name="@AfterMethod tearDown" time="-1.60098161853E9" classname="org.slk.base.WebDriverWrapper">
    <skipped/>
  </testcase> <!-- @AfterMethod tearDown -->
  <testcase name="@BeforeMethod setUp" time="-1.600981618538E9" classname="org.slk.base.WebDriverWrapper">
    <skipped/>
  </testcase> <!-- @BeforeMethod setUp -->
  <testcase name="@AfterMethod tearDown" time="-1.60098161855E9" classname="org.slk.base.WebDriverWrapper">
    <skipped/>
  </testcase> <!-- @AfterMethod tearDown -->
  <testcase name="@BeforeMethod setUp" time="-1.600981618553E9" classname="org.slk.base.WebDriverWrapper">
    <skipped/>
  </testcase> <!-- @BeforeMethod setUp -->
  <testcase name="@AfterMethod tearDown" time="-1.600981618562E9" classname="org.slk.base.WebDriverWrapper">
    <skipped/>
  </testcase> <!-- @AfterMethod tearDown -->
  <testcase name="@BeforeMethod setUp" time="-1.600981619755E9" classname="org.slk.base.WebDriverWrapper">
    <skipped/>
  </testcase> <!-- @BeforeMethod setUp -->
  <testcase name="@AfterMethod tearDown" time="-1.600981619772E9" classname="org.slk.base.WebDriverWrapper">
    <skipped/>
  </testcase> <!-- @AfterMethod tearDown -->
  <testcase name="@BeforeMethod setUp" time="-1.600981619773E9" classname="org.slk.base.WebDriverWrapper">
    <skipped/>
  </testcase> <!-- @BeforeMethod setUp -->
  <testcase name="@AfterMethod tearDown" time="-1.600981619781E9" classname="org.slk.base.WebDriverWrapper">
    <skipped/>
  </testcase> <!-- @AfterMethod tearDown -->
  <testcase name="@BeforeMethod setUp" time="-1.600981619783E9" classname="org.slk.base.WebDriverWrapper">
    <skipped/>
  </testcase> <!-- @BeforeMethod setUp -->
  <testcase name="@AfterMethod tearDown" time="-1.600981619789E9" classname="org.slk.base.WebDriverWrapper">
    <skipped/>
  </testcase> <!-- @AfterMethod tearDown -->
  <testcase name="@BeforeMethod setUp" time="-1.60098161979E9" classname="org.slk.base.WebDriverWrapper">
    <skipped/>
  </testcase> <!-- @BeforeMethod setUp -->
  <testcase name="@AfterMethod tearDown" time="-1.600981619795E9" classname="org.slk.base.WebDriverWrapper">
    <skipped/>
  </testcase> <!-- @AfterMethod tearDown -->
  <testcase name="@BeforeMethod setUp" time="-1.600981619797E9" classname="org.slk.base.WebDriverWrapper">
    <skipped/>
  </testcase> <!-- @BeforeMethod setUp -->
  <testcase name="@AfterMethod tearDown" time="-1.600981619802E9" classname="org.slk.base.WebDriverWrapper">
    <skipped/>
  </testcase> <!-- @AfterMethod tearDown -->
  <testcase name="@BeforeMethod setUp" time="-1.600981619906E9" classname="org.slk.base.WebDriverWrapper">
    <skipped/>
  </testcase> <!-- @BeforeMethod setUp -->
  <testcase name="@AfterMethod tearDown" time="-1.600981619915E9" classname="org.slk.base.WebDriverWrapper">
    <skipped/>
  </testcase> <!-- @AfterMethod tearDown -->
  <testcase name="@BeforeMethod setUp" time="-1.600981619918E9" classname="org.slk.base.WebDriverWrapper">
    <skipped/>
  </testcase> <!-- @BeforeMethod setUp -->
  <testcase name="@AfterMethod tearDown" time="-1.600981619922E9" classname="org.slk.base.WebDriverWrapper">
    <skipped/>
  </testcase> <!-- @AfterMethod tearDown -->
  <testcase name="@BeforeMethod setUp" time="-1.600981619948E9" classname="org.slk.base.WebDriverWrapper">
    <skipped/>
  </testcase> <!-- @BeforeMethod setUp -->
  <testcase name="@AfterMethod tearDown" time="-1.600981619954E9" classname="org.slk.base.WebDriverWrapper">
    <skipped/>
  </testcase> <!-- @AfterMethod tearDown -->
  <testcase name="@BeforeMethod setUp" time="-1.600981619955E9" classname="org.slk.base.WebDriverWrapper">
    <skipped/>
  </testcase> <!-- @BeforeMethod setUp -->
  <testcase name="@AfterMethod tearDown" time="-1.600981619959E9" classname="org.slk.base.WebDriverWrapper">
    <skipped/>
  </testcase> <!-- @AfterMethod tearDown -->
  <testcase name="@BeforeMethod setUp" time="-1.600981619962E9" classname="org.slk.base.WebDriverWrapper">
    <skipped/>
  </testcase> <!-- @BeforeMethod setUp -->
  <testcase name="@AfterMethod tearDown" time="-1.600981619966E9" classname="org.slk.base.WebDriverWrapper">
    <skipped/>
  </testcase> <!-- @AfterMethod tearDown -->
  <testcase name="validCredintailsTest1" time="0.0" classname="org.slk.test.LoginTest">
    <skipped/>
  </testcase> <!-- validCredintailsTest1 -->
  <testcase name="validCredintailsTest1" time="0.0" classname="org.slk.test.LoginTest">
    <skipped/>
  </testcase> <!-- validCredintailsTest1 -->
  <testcase name="validCredintailsTest1" time="0.0" classname="org.slk.test.LoginTest">
    <skipped/>
  </testcase> <!-- validCredintailsTest1 -->
  <testcase name="validCredintailsTest1" time="0.0" classname="org.slk.test.LoginTest">
    <skipped/>
  </testcase> <!-- validCredintailsTest1 -->
  <testcase name="validCredintailsTest1" time="0.0" classname="org.slk.test.LoginTest">
    <skipped/>
  </testcase> <!-- validCredintailsTest1 -->
  <testcase name="invalidCredintailsTest" time="0.0" classname="org.slk.test.LoginTest">
    <skipped/>
  </testcase> <!-- invalidCredintailsTest -->
  <testcase name="invalidCredintailsTest" time="0.0" classname="org.slk.test.LoginTest">
    <skipped/>
  </testcase> <!-- invalidCredintailsTest -->
  <testcase name="invalidCredintailsTest" time="0.0" classname="org.slk.test.LoginTest">
    <skipped/>
  </testcase> <!-- invalidCredintailsTest -->
  <testcase name="invalidCredintailsTest" time="0.0" classname="org.slk.test.LoginTest">
    <skipped/>
  </testcase> <!-- invalidCredintailsTest -->
  <testcase name="invalidCredintailsTest" time="0.0" classname="org.slk.test.LoginTest">
    <skipped/>
  </testcase> <!-- invalidCredintailsTest -->
  <testcase name="validCredintailsTest" time="0.0" classname="org.slk.test.LoginTest">
    <skipped/>
  </testcase> <!-- validCredintailsTest -->
  <testcase name="validCredintailsTest" time="0.0" classname="org.slk.test.LoginTest">
    <skipped/>
  </testcase> <!-- validCredintailsTest -->
  <testcase name="validCredintailsTest" time="0.0" classname="org.slk.test.LoginTest">
    <skipped/>
  </testcase> <!-- validCredintailsTest -->
  <testcase name="validCredintailsTest" time="0.0" classname="org.slk.test.LoginTest">
    <skipped/>
  </testcase> <!-- validCredintailsTest -->
  <testcase name="validCredintailsTest" time="0.0" classname="org.slk.test.LoginTest">
    <skipped/>
  </testcase> <!-- validCredintailsTest -->
</testsuite> <!-- Logoin Test ch -->
