<!DOCTYPE html PUBLIC "-//W3C//DTD XHTML 1.1//EN" "https://www.w3.org/TR/xhtml11/DTD/xhtml11.dtd">
<html xmlns="https://www.w3.org/1999/xhtml">
<head>
<meta http-equiv="content-type" content="text/html; charset=UTF-8"/>
<title>TestNG Report</title>
<style type="text/css">table {margin-bottom:10px;border-collapse:collapse;empty-cells:show}th,td {border:1px solid #009;padding:.25em .5em}th {vertical-align:bottom}td {vertical-align:top}table a {font-weight:bold}.stripe td {background-color: #E6EBF9}.num {text-align:right}.passedodd td {background-color: #3F3}.passedeven td {background-color: #0A0}.skippedodd td {background-color: #DDD}.skippedeven td {background-color: #CCC}.failedodd td,.attn {background-color: #F33}.failedeven td,.stripe .attn {background-color: #D00}.stacktrace {white-space:pre;font-family:monospace}.totop {font-size:85%;text-align:center;border-bottom:2px solid #000}.invisible {display:none}</style>
</head>
<body>
<table>
<tr><th>Test</th><th># Passed</th><th># Skipped</th><th># Retried</th><th># Failed</th><th>Time (ms)</th><th>Included Groups</th><th>Excluded Groups</th></tr>
<<<<<<< HEAD
<tr><th colspan="8">OpenEmdDemo</th></tr>
<tr><td><a href="#t0"> Login Test ch</a></td><td class="num">2</td><td class="num">0</td><td class="num">0</td><td class="num">0</td><td class="num">55,017</td><td></td><td></td></tr>
<tr class="stripe"><td><a href="#t1"> Login Test ff</a></td><td class="num">2</td><td class="num">0</td><td class="num">0</td><td class="num">0</td><td class="num">55,102</td><td></td><td></td></tr>
<tr><td><a href="#t2"> Login Test ie</a></td><td class="num">0</td><td class="num attn">2</td><td class="num">0</td><td class="num">0</td><td class="num">116</td><td></td><td></td></tr>
<tr><th>Total</th><th class="num">4</th><th class="num attn">2</th><th class="num">0</th><th class="num">0</th><th class="num">110,235</th><th colspan="2"></th></tr>
</table>
<table id='summary'><thead><tr><th>Class</th><th>Method</th><th>Start</th><th>Time (ms)</th></tr></thead><tbody><tr><th colspan="4">OpenEmdDemo</th></tr></tbody><tbody id="t0"><tr><th colspan="4"> Login Test ch &#8212; passed</th></tr><tr class="passedeven"><td rowspan="2">org.slk.test.SearchPatientNameTest</td><td><a href="#m0">searchPatientName</a></td><td rowspan="2">1601407363846</td><td rowspan="2">18760</td></tr><tr class="passedeven"><td><a href="#m1">searchPatientName</a></td></tr></tbody>
<tbody id="t1"><tr><th colspan="4"> Login Test ff &#8212; passed</th></tr><tr class="passedeven"><td rowspan="2">org.slk.test.SearchPatientNameTest</td><td><a href="#m2">searchPatientName</a></td><td rowspan="2">1601407390186</td><td rowspan="2">19025</td></tr><tr class="passedeven"><td><a href="#m3">searchPatientName</a></td></tr></tbody>
<tbody id="t2"><tr><th colspan="4"> Login Test ie &#8212; failed (configuration methods)</th></tr><tr class="failedeven"><td rowspan="1">org.slk.test.SearchPatientNameTest</td><td><a href="#m4">setUp</a></td><td rowspan="1">1601407438257</td><td rowspan="1">24</td></tr><tr><th colspan="4"> Login Test ie &#8212; skipped (configuration methods)</th></tr><tr class="skippedeven"><td rowspan="3">org.slk.test.SearchPatientNameTest</td><td><a href="#m5">setUp</a></td><td rowspan="1">1601407438298</td><td rowspan="1">-1601407438298</td></tr><tr class="skippedeven"><td><a href="#m6">tearDown</a></td><td rowspan="2">1601407438296</td><td rowspan="2">-1601407438296</td></tr><tr class="skippedeven"><td><a href="#m7">tearDown</a></td></tr><tr><th colspan="4"> Login Test ie &#8212; skipped</th></tr><tr class="skippedeven"><td rowspan="2">org.slk.test.SearchPatientNameTest</td><td><a href="#m8">searchPatientName</a></td><td rowspan="2">1601407438300</td><td rowspan="2">0</td></tr><tr class="skippedeven"><td><a href="#m9">searchPatientName</a></td></tr></tbody>
</table>
<h2> Login Test ch</h2><h3 id="m0">org.slk.test.SearchPatientNameTest#searchPatientName</h3><table class="result"><tr class="param"><th>Parameter #1</th><th>Parameter #2</th><th>Parameter #3</th><th>Parameter #4</th></tr><tr class="param stripe"><td>physician</td><td>physician</td><td>Default - English (Standard)</td><td>Medical Record Dashboard - Phil Belford</td></tr></table><p class="totop"><a href="#summary">back to summary</a></p>
<h3 id="m1">org.slk.test.SearchPatientNameTest#searchPatientName</h3><table class="result"><tr class="param"><th>Parameter #1</th><th>Parameter #2</th><th>Parameter #3</th><th>Parameter #4</th></tr><tr class="param stripe"><td>admin</td><td>pass</td><td>Default - English (Standard)</td><td>Medical Record Dashboard - Phil Belford</td></tr></table><p class="totop"><a href="#summary">back to summary</a></p>
<h2> Login Test ff</h2><h3 id="m2">org.slk.test.SearchPatientNameTest#searchPatientName</h3><table class="result"><tr class="param"><th>Parameter #1</th><th>Parameter #2</th><th>Parameter #3</th><th>Parameter #4</th></tr><tr class="param stripe"><td>admin</td><td>pass</td><td>Default - English (Standard)</td><td>Medical Record Dashboard - Phil Belford</td></tr></table><p class="totop"><a href="#summary">back to summary</a></p>
<h3 id="m3">org.slk.test.SearchPatientNameTest#searchPatientName</h3><table class="result"><tr class="param"><th>Parameter #1</th><th>Parameter #2</th><th>Parameter #3</th><th>Parameter #4</th></tr><tr class="param stripe"><td>physician</td><td>physician</td><td>Default - English (Standard)</td><td>Medical Record Dashboard - Phil Belford</td></tr></table><p class="totop"><a href="#summary">back to summary</a></p>
<h2> Login Test ie</h2><h3 id="m4">org.slk.test.SearchPatientNameTest#setUp</h3><table class="result"><tr class="param"><th>Parameter #1</th><th>Parameter #2</th></tr><tr class="param stripe"><td>ie</td><td>http://10.3.46.214:44990/wd/hub</td></tr><tr><th colspan="2">Exception</th></tr><tr><td colspan="2"><div class="stacktrace">org.openqa.selenium.SessionNotCreatedException: Unable to create session from {
  &quot;desiredCapabilities&quot;: {
    &quot;browserName&quot;: &quot;ie&quot;
  },
  &quot;capabilities&quot;: {
    &quot;firstMatch&quot;: [
      {
        &quot;browserName&quot;: &quot;ie&quot;
      }
    ]
  }
}
Build info: version: &apos;3.141.59&apos;, revision: &apos;e82be7d358&apos;, time: &apos;2018-11-14T08:25:53&apos;
System info: host: &apos;LAPTOP-VQ71OE6S&apos;, ip: &apos;10.3.46.214&apos;, os.name: &apos;Windows 10&apos;, os.arch: &apos;amd64&apos;, os.version: &apos;10.0&apos;, java.version: &apos;1.8.0_261&apos;
Driver info: driver.version: unknown
Command duration or timeout: 9 milliseconds
	at org.openqa.selenium.remote.ErrorHandler.createThrowable(ErrorHandler.java:214)
	at org.openqa.selenium.remote.ErrorHandler.throwIfResponseFailed(ErrorHandler.java:166)
	at org.openqa.selenium.remote.JsonWireProtocolResponse.lambda$errorHandler$0(JsonWireProtocolResponse.java:54)
	at org.openqa.selenium.remote.HandshakeResponse.lambda$getResponseFunction$0(HandshakeResponse.java:30)
	at org.openqa.selenium.remote.ProtocolHandshake.lambda$createSession$0(ProtocolHandshake.java:126)
	at java.util.stream.ReferencePipeline$3$1.accept(ReferencePipeline.java:193)
	at java.util.Spliterators$ArraySpliterator.tryAdvance(Spliterators.java:958)
	at java.util.stream.ReferencePipeline.forEachWithCancel(ReferencePipeline.java:126)
	at java.util.stream.AbstractPipeline.copyIntoWithCancel(AbstractPipeline.java:499)
	at java.util.stream.AbstractPipeline.copyInto(AbstractPipeline.java:486)
	at java.util.stream.AbstractPipeline.wrapAndCopyInto(AbstractPipeline.java:472)
	at java.util.stream.FindOps$FindOp.evaluateSequential(FindOps.java:152)
	at java.util.stream.AbstractPipeline.evaluate(AbstractPipeline.java:234)
	at java.util.stream.ReferencePipeline.findFirst(ReferencePipeline.java:464)
	at org.openqa.selenium.remote.ProtocolHandshake.createSession(ProtocolHandshake.java:128)
	at org.openqa.selenium.remote.ProtocolHandshake.createSession(ProtocolHandshake.java:74)
	at org.openqa.selenium.remote.HttpCommandExecutor.execute(HttpCommandExecutor.java:136)
	at org.openqa.selenium.remote.RemoteWebDriver.execute(RemoteWebDriver.java:552)
	at org.openqa.selenium.remote.RemoteWebDriver.startSession(RemoteWebDriver.java:213)
	at org.openqa.selenium.remote.RemoteWebDriver.&lt;init&gt;(RemoteWebDriver.java:131)
	at org.openqa.selenium.remote.RemoteWebDriver.&lt;init&gt;(RemoteWebDriver.java:144)
	at org.slk.base.WebDriverWrapper.setUp(WebDriverWrapper.java:55)
	at java.util.ArrayList.forEach(ArrayList.java:1259)
Caused by: org.openqa.selenium.SessionNotCreatedException: Unable to create session from {
  &quot;desiredCapabilities&quot;: {
    &quot;browserName&quot;: &quot;ie&quot;
  },
  &quot;capabilities&quot;: {
    &quot;firstMatch&quot;: [
      {
        &quot;browserName&quot;: &quot;ie&quot;
      }
    ]
  }
}
Build info: version: &apos;3.141.59&apos;, revision: &apos;e82be7d358&apos;, time: &apos;2018-11-14T08:25:53&apos;
System info: host: &apos;LAPTOP-VQ71OE6S&apos;, ip: &apos;10.3.46.214&apos;, os.name: &apos;Windows 10&apos;, os.arch: &apos;amd64&apos;, os.version: &apos;10.0&apos;, java.version: &apos;1.8.0_261&apos;
Driver info: driver.version: unknown
Build info: version: &apos;3.141.59&apos;, revision: &apos;e82be7d358&apos;, time: &apos;2018-11-14T08:17:03&apos;
System info: host: &apos;LAPTOP-VQ71OE6S&apos;, ip: &apos;10.3.46.214&apos;, os.name: &apos;Windows 10&apos;, os.arch: &apos;amd64&apos;, os.version: &apos;10.0&apos;, java.version: &apos;1.8.0_261&apos;
Driver info: driver.version: unknown
	at org.openqa.selenium.remote.server.NewSessionPipeline.lambda$null$4(NewSessionPipeline.java:76)
	at java.util.Optional.orElseThrow(Unknown Source)
	at org.openqa.selenium.remote.server.NewSessionPipeline.lambda$createNewSession$5(NewSessionPipeline.java:75)
	at java.util.Optional.orElseGet(Unknown Source)
	at org.openqa.selenium.remote.server.NewSessionPipeline.createNewSession(NewSessionPipeline.java:73)
	at org.openqa.selenium.remote.server.commandhandler.BeginSession.execute(BeginSession.java:65)
	at org.openqa.selenium.remote.server.WebDriverServlet.lambda$handle$0(WebDriverServlet.java:235)
	at java.util.concurrent.Executors$RunnableAdapter.call(Unknown Source)
	at java.util.concurrent.FutureTask.run(Unknown Source)
	at java.util.concurrent.ThreadPoolExecutor.runWorker(Unknown Source)
	at java.util.concurrent.ThreadPoolExecutor$Worker.run(Unknown Source)
	at java.lang.Thread.run(Unknown Source)
... Removed 35 stack frames</div></td></tr></table><p class="totop"><a href="#summary">back to summary</a></p>
<h3 id="m5">org.slk.test.SearchPatientNameTest#setUp</h3><table class="result"><tr><th class="invisible"/></tr></table><p class="totop"><a href="#summary">back to summary</a></p>
<h3 id="m6">org.slk.test.SearchPatientNameTest#tearDown</h3><table class="result"><tr><th class="invisible"/></tr></table><p class="totop"><a href="#summary">back to summary</a></p>
<h3 id="m7">org.slk.test.SearchPatientNameTest#tearDown</h3><table class="result"><tr><th class="invisible"/></tr></table><p class="totop"><a href="#summary">back to summary</a></p>
<h3 id="m8">org.slk.test.SearchPatientNameTest#searchPatientName</h3><table class="result"><tr class="param"><th>Parameter #1</th><th>Parameter #2</th><th>Parameter #3</th><th>Parameter #4</th></tr><tr class="param stripe"><td>physician</td><td>physician</td><td>Default - English (Standard)</td><td>Medical Record Dashboard - Phil Belford</td></tr><tr><th colspan="4">Exception</th></tr><tr><td colspan="4"><div class="stacktrace">org.openqa.selenium.SessionNotCreatedException: Unable to create session from {
  &quot;desiredCapabilities&quot;: {
    &quot;browserName&quot;: &quot;ie&quot;
  },
  &quot;capabilities&quot;: {
    &quot;firstMatch&quot;: [
      {
        &quot;browserName&quot;: &quot;ie&quot;
      }
    ]
  }
}
Build info: version: &apos;3.141.59&apos;, revision: &apos;e82be7d358&apos;, time: &apos;2018-11-14T08:25:53&apos;
System info: host: &apos;LAPTOP-VQ71OE6S&apos;, ip: &apos;10.3.46.214&apos;, os.name: &apos;Windows 10&apos;, os.arch: &apos;amd64&apos;, os.version: &apos;10.0&apos;, java.version: &apos;1.8.0_261&apos;
Driver info: driver.version: unknown
Command duration or timeout: 9 milliseconds
	at org.openqa.selenium.remote.ErrorHandler.createThrowable(ErrorHandler.java:214)
	at org.openqa.selenium.remote.ErrorHandler.throwIfResponseFailed(ErrorHandler.java:166)
	at org.openqa.selenium.remote.JsonWireProtocolResponse.lambda$errorHandler$0(JsonWireProtocolResponse.java:54)
	at org.openqa.selenium.remote.HandshakeResponse.lambda$getResponseFunction$0(HandshakeResponse.java:30)
	at org.openqa.selenium.remote.ProtocolHandshake.lambda$createSession$0(ProtocolHandshake.java:126)
	at java.util.stream.ReferencePipeline$3$1.accept(ReferencePipeline.java:193)
	at java.util.Spliterators$ArraySpliterator.tryAdvance(Spliterators.java:958)
	at java.util.stream.ReferencePipeline.forEachWithCancel(ReferencePipeline.java:126)
	at java.util.stream.AbstractPipeline.copyIntoWithCancel(AbstractPipeline.java:499)
	at java.util.stream.AbstractPipeline.copyInto(AbstractPipeline.java:486)
	at java.util.stream.AbstractPipeline.wrapAndCopyInto(AbstractPipeline.java:472)
	at java.util.stream.FindOps$FindOp.evaluateSequential(FindOps.java:152)
	at java.util.stream.AbstractPipeline.evaluate(AbstractPipeline.java:234)
	at java.util.stream.ReferencePipeline.findFirst(ReferencePipeline.java:464)
	at org.openqa.selenium.remote.ProtocolHandshake.createSession(ProtocolHandshake.java:128)
	at org.openqa.selenium.remote.ProtocolHandshake.createSession(ProtocolHandshake.java:74)
	at org.openqa.selenium.remote.HttpCommandExecutor.execute(HttpCommandExecutor.java:136)
	at org.openqa.selenium.remote.RemoteWebDriver.execute(RemoteWebDriver.java:552)
	at org.openqa.selenium.remote.RemoteWebDriver.startSession(RemoteWebDriver.java:213)
	at org.openqa.selenium.remote.RemoteWebDriver.&lt;init&gt;(RemoteWebDriver.java:131)
	at org.openqa.selenium.remote.RemoteWebDriver.&lt;init&gt;(RemoteWebDriver.java:144)
	at org.slk.base.WebDriverWrapper.setUp(WebDriverWrapper.java:55)
	at java.util.ArrayList.forEach(ArrayList.java:1259)
Caused by: org.openqa.selenium.SessionNotCreatedException: Unable to create session from {
  &quot;desiredCapabilities&quot;: {
    &quot;browserName&quot;: &quot;ie&quot;
  },
  &quot;capabilities&quot;: {
    &quot;firstMatch&quot;: [
      {
        &quot;browserName&quot;: &quot;ie&quot;
      }
    ]
  }
}
Build info: version: &apos;3.141.59&apos;, revision: &apos;e82be7d358&apos;, time: &apos;2018-11-14T08:25:53&apos;
System info: host: &apos;LAPTOP-VQ71OE6S&apos;, ip: &apos;10.3.46.214&apos;, os.name: &apos;Windows 10&apos;, os.arch: &apos;amd64&apos;, os.version: &apos;10.0&apos;, java.version: &apos;1.8.0_261&apos;
Driver info: driver.version: unknown
Build info: version: &apos;3.141.59&apos;, revision: &apos;e82be7d358&apos;, time: &apos;2018-11-14T08:17:03&apos;
System info: host: &apos;LAPTOP-VQ71OE6S&apos;, ip: &apos;10.3.46.214&apos;, os.name: &apos;Windows 10&apos;, os.arch: &apos;amd64&apos;, os.version: &apos;10.0&apos;, java.version: &apos;1.8.0_261&apos;
Driver info: driver.version: unknown
	at org.openqa.selenium.remote.server.NewSessionPipeline.lambda$null$4(NewSessionPipeline.java:76)
	at java.util.Optional.orElseThrow(Unknown Source)
	at org.openqa.selenium.remote.server.NewSessionPipeline.lambda$createNewSession$5(NewSessionPipeline.java:75)
	at java.util.Optional.orElseGet(Unknown Source)
	at org.openqa.selenium.remote.server.NewSessionPipeline.createNewSession(NewSessionPipeline.java:73)
	at org.openqa.selenium.remote.server.commandhandler.BeginSession.execute(BeginSession.java:65)
	at org.openqa.selenium.remote.server.WebDriverServlet.lambda$handle$0(WebDriverServlet.java:235)
	at java.util.concurrent.Executors$RunnableAdapter.call(Unknown Source)
	at java.util.concurrent.FutureTask.run(Unknown Source)
	at java.util.concurrent.ThreadPoolExecutor.runWorker(Unknown Source)
	at java.util.concurrent.ThreadPoolExecutor$Worker.run(Unknown Source)
	at java.lang.Thread.run(Unknown Source)
... Removed 35 stack frames</div></td></tr></table><p class="totop"><a href="#summary">back to summary</a></p>
<h3 id="m9">org.slk.test.SearchPatientNameTest#searchPatientName</h3><table class="result"><tr class="param"><th>Parameter #1</th><th>Parameter #2</th><th>Parameter #3</th><th>Parameter #4</th></tr><tr class="param stripe"><td>admin</td><td>pass</td><td>Default - English (Standard)</td><td>Medical Record Dashboard - Phil Belford</td></tr><tr><th colspan="4">Exception</th></tr><tr><td colspan="4"><div class="stacktrace">org.openqa.selenium.SessionNotCreatedException: Unable to create session from {
  &quot;desiredCapabilities&quot;: {
    &quot;browserName&quot;: &quot;ie&quot;
  },
  &quot;capabilities&quot;: {
    &quot;firstMatch&quot;: [
      {
        &quot;browserName&quot;: &quot;ie&quot;
      }
    ]
  }
}
Build info: version: &apos;3.141.59&apos;, revision: &apos;e82be7d358&apos;, time: &apos;2018-11-14T08:25:53&apos;
System info: host: &apos;LAPTOP-VQ71OE6S&apos;, ip: &apos;10.3.46.214&apos;, os.name: &apos;Windows 10&apos;, os.arch: &apos;amd64&apos;, os.version: &apos;10.0&apos;, java.version: &apos;1.8.0_261&apos;
Driver info: driver.version: unknown
Command duration or timeout: 9 milliseconds
	at org.openqa.selenium.remote.ErrorHandler.createThrowable(ErrorHandler.java:214)
	at org.openqa.selenium.remote.ErrorHandler.throwIfResponseFailed(ErrorHandler.java:166)
	at org.openqa.selenium.remote.JsonWireProtocolResponse.lambda$errorHandler$0(JsonWireProtocolResponse.java:54)
	at org.openqa.selenium.remote.HandshakeResponse.lambda$getResponseFunction$0(HandshakeResponse.java:30)
	at org.openqa.selenium.remote.ProtocolHandshake.lambda$createSession$0(ProtocolHandshake.java:126)
	at java.util.stream.ReferencePipeline$3$1.accept(ReferencePipeline.java:193)
	at java.util.Spliterators$ArraySpliterator.tryAdvance(Spliterators.java:958)
	at java.util.stream.ReferencePipeline.forEachWithCancel(ReferencePipeline.java:126)
	at java.util.stream.AbstractPipeline.copyIntoWithCancel(AbstractPipeline.java:499)
	at java.util.stream.AbstractPipeline.copyInto(AbstractPipeline.java:486)
	at java.util.stream.AbstractPipeline.wrapAndCopyInto(AbstractPipeline.java:472)
	at java.util.stream.FindOps$FindOp.evaluateSequential(FindOps.java:152)
	at java.util.stream.AbstractPipeline.evaluate(AbstractPipeline.java:234)
	at java.util.stream.ReferencePipeline.findFirst(ReferencePipeline.java:464)
	at org.openqa.selenium.remote.ProtocolHandshake.createSession(ProtocolHandshake.java:128)
	at org.openqa.selenium.remote.ProtocolHandshake.createSession(ProtocolHandshake.java:74)
	at org.openqa.selenium.remote.HttpCommandExecutor.execute(HttpCommandExecutor.java:136)
	at org.openqa.selenium.remote.RemoteWebDriver.execute(RemoteWebDriver.java:552)
	at org.openqa.selenium.remote.RemoteWebDriver.startSession(RemoteWebDriver.java:213)
	at org.openqa.selenium.remote.RemoteWebDriver.&lt;init&gt;(RemoteWebDriver.java:131)
	at org.openqa.selenium.remote.RemoteWebDriver.&lt;init&gt;(RemoteWebDriver.java:144)
	at org.slk.base.WebDriverWrapper.setUp(WebDriverWrapper.java:55)
	at java.util.ArrayList.forEach(ArrayList.java:1259)
Caused by: org.openqa.selenium.SessionNotCreatedException: Unable to create session from {
  &quot;desiredCapabilities&quot;: {
    &quot;browserName&quot;: &quot;ie&quot;
  },
  &quot;capabilities&quot;: {
    &quot;firstMatch&quot;: [
      {
        &quot;browserName&quot;: &quot;ie&quot;
      }
    ]
  }
}
Build info: version: &apos;3.141.59&apos;, revision: &apos;e82be7d358&apos;, time: &apos;2018-11-14T08:25:53&apos;
System info: host: &apos;LAPTOP-VQ71OE6S&apos;, ip: &apos;10.3.46.214&apos;, os.name: &apos;Windows 10&apos;, os.arch: &apos;amd64&apos;, os.version: &apos;10.0&apos;, java.version: &apos;1.8.0_261&apos;
Driver info: driver.version: unknown
Build info: version: &apos;3.141.59&apos;, revision: &apos;e82be7d358&apos;, time: &apos;2018-11-14T08:17:03&apos;
System info: host: &apos;LAPTOP-VQ71OE6S&apos;, ip: &apos;10.3.46.214&apos;, os.name: &apos;Windows 10&apos;, os.arch: &apos;amd64&apos;, os.version: &apos;10.0&apos;, java.version: &apos;1.8.0_261&apos;
Driver info: driver.version: unknown
	at org.openqa.selenium.remote.server.NewSessionPipeline.lambda$null$4(NewSessionPipeline.java:76)
	at java.util.Optional.orElseThrow(Unknown Source)
	at org.openqa.selenium.remote.server.NewSessionPipeline.lambda$createNewSession$5(NewSessionPipeline.java:75)
	at java.util.Optional.orElseGet(Unknown Source)
	at org.openqa.selenium.remote.server.NewSessionPipeline.createNewSession(NewSessionPipeline.java:73)
	at org.openqa.selenium.remote.server.commandhandler.BeginSession.execute(BeginSession.java:65)
	at org.openqa.selenium.remote.server.WebDriverServlet.lambda$handle$0(WebDriverServlet.java:235)
	at java.util.concurrent.Executors$RunnableAdapter.call(Unknown Source)
	at java.util.concurrent.FutureTask.run(Unknown Source)
	at java.util.concurrent.ThreadPoolExecutor.runWorker(Unknown Source)
	at java.util.concurrent.ThreadPoolExecutor$Worker.run(Unknown Source)
	at java.lang.Thread.run(Unknown Source)
... Removed 35 stack frames</div></td></tr></table><p class="totop"><a href="#summary">back to summary</a></p>
=======
<tr><th colspan="8">Suite2</th></tr>
<tr><td><a href="#t0">Login Test ch</a></td><td class="num">0</td><td class="num attn">15</td><td class="num">0</td><td class="num">0</td><td class="num">1,216</td><td></td><td></td></tr>
<tr class="stripe"><td><a href="#t1"> Login Test ie</a></td><td class="num">0</td><td class="num attn">15</td><td class="num">0</td><td class="num">0</td><td class="num">319</td><td></td><td></td></tr>
<tr><td><a href="#t2"> Login Test ff</a></td><td class="num">0</td><td class="num attn">15</td><td class="num">0</td><td class="num">0</td><td class="num">341</td><td></td><td></td></tr>
<tr><th>Total</th><th class="num">0</th><th class="num attn">45</th><th class="num">0</th><th class="num">0</th><th class="num">1,876</th><th colspan="2"></th></tr>
</table>
<table id='summary'><thead><tr><th>Class</th><th>Method</th><th>Start</th><th>Time (ms)</th></tr></thead><tbody><tr><th colspan="4">Suite2</th></tr></tbody><tbody id="t0"><tr><th colspan="4">Login Test ch &#8212; failed (configuration methods)</th></tr><tr class="failedeven"><td rowspan="1">org.slk.test.LoginTest</td><td><a href="#m0">setUp</a></td><td rowspan="1">1600993629627</td><td rowspan="1">-1600993629627</td></tr><tr><th colspan="4">Login Test ch &#8212; skipped (configuration methods)</th></tr><tr class="skippedeven"><td rowspan="29">org.slk.test.LoginTest</td><td><a href="#m1">setUp</a></td><td rowspan="14">1600993629674</td><td rowspan="14">-1600993629674</td></tr><tr class="skippedeven"><td><a href="#m2">setUp</a></td></tr><tr class="skippedeven"><td><a href="#m3">setUp</a></td></tr><tr class="skippedeven"><td><a href="#m4">setUp</a></td></tr><tr class="skippedeven"><td><a href="#m5">setUp</a></td></tr><tr class="skippedeven"><td><a href="#m6">setUp</a></td></tr><tr class="skippedeven"><td><a href="#m7">setUp</a></td></tr><tr class="skippedeven"><td><a href="#m8">setUp</a></td></tr><tr class="skippedeven"><td><a href="#m9">setUp</a></td></tr><tr class="skippedeven"><td><a href="#m10">setUp</a></td></tr><tr class="skippedeven"><td><a href="#m11">setUp</a></td></tr><tr class="skippedeven"><td><a href="#m12">setUp</a></td></tr><tr class="skippedeven"><td><a href="#m13">setUp</a></td></tr><tr class="skippedeven"><td><a href="#m14">setUp</a></td></tr><tr class="skippedeven"><td><a href="#m15">tearDown</a></td><td rowspan="15">1600993630570</td><td rowspan="15">-1600993630570</td></tr><tr class="skippedeven"><td><a href="#m16">tearDown</a></td></tr><tr class="skippedeven"><td><a href="#m17">tearDown</a></td></tr><tr class="skippedeven"><td><a href="#m18">tearDown</a></td></tr><tr class="skippedeven"><td><a href="#m19">tearDown</a></td></tr><tr class="skippedeven"><td><a href="#m20">tearDown</a></td></tr><tr class="skippedeven"><td><a href="#m21">tearDown</a></td></tr><tr class="skippedeven"><td><a href="#m22">tearDown</a></td></tr><tr class="skippedeven"><td><a href="#m23">tearDown</a></td></tr><tr class="skippedeven"><td><a href="#m24">tearDown</a></td></tr><tr class="skippedeven"><td><a href="#m25">tearDown</a></td></tr><tr class="skippedeven"><td><a href="#m26">tearDown</a></td></tr><tr class="skippedeven"><td><a href="#m27">tearDown</a></td></tr><tr class="skippedeven"><td><a href="#m28">tearDown</a></td></tr><tr class="skippedeven"><td><a href="#m29">tearDown</a></td></tr><tr><th colspan="4">Login Test ch &#8212; skipped</th></tr><tr class="skippedeven"><td rowspan="15">org.slk.test.LoginTest</td><td><a href="#m30">invalidCredintailsTest</a></td><td rowspan="5">1600993630587</td><td rowspan="5">0</td></tr><tr class="skippedeven"><td><a href="#m31">invalidCredintailsTest</a></td></tr><tr class="skippedeven"><td><a href="#m32">invalidCredintailsTest</a></td></tr><tr class="skippedeven"><td><a href="#m33">invalidCredintailsTest</a></td></tr><tr class="skippedeven"><td><a href="#m34">invalidCredintailsTest</a></td></tr><tr class="skippedeven"><td><a href="#m35">validCredintailsTest</a></td><td rowspan="5">1600993630768</td><td rowspan="5">0</td></tr><tr class="skippedeven"><td><a href="#m36">validCredintailsTest</a></td></tr><tr class="skippedeven"><td><a href="#m37">validCredintailsTest</a></td></tr><tr class="skippedeven"><td><a href="#m38">validCredintailsTest</a></td></tr><tr class="skippedeven"><td><a href="#m39">validCredintailsTest</a></td></tr><tr class="skippedeven"><td><a href="#m40">validCredintailsTest1</a></td><td rowspan="5">1600993629660</td><td rowspan="5">0</td></tr><tr class="skippedeven"><td><a href="#m41">validCredintailsTest1</a></td></tr><tr class="skippedeven"><td><a href="#m42">validCredintailsTest1</a></td></tr><tr class="skippedeven"><td><a href="#m43">validCredintailsTest1</a></td></tr><tr class="skippedeven"><td><a href="#m44">validCredintailsTest1</a></td></tr></tbody>
<tbody id="t1"><tr><th colspan="4"> Login Test ie &#8212; failed (configuration methods)</th></tr><tr class="failedeven"><td rowspan="1">org.slk.test.LoginTest</td><td><a href="#m45">setUp</a></td><td rowspan="1">1600993630844</td><td rowspan="1">-1600993630844</td></tr><tr><th colspan="4"> Login Test ie &#8212; skipped (configuration methods)</th></tr><tr class="skippedeven"><td rowspan="29">org.slk.test.LoginTest</td><td><a href="#m46">setUp</a></td><td rowspan="14">1600993631153</td><td rowspan="14">-1600993631153</td></tr><tr class="skippedeven"><td><a href="#m47">setUp</a></td></tr><tr class="skippedeven"><td><a href="#m48">setUp</a></td></tr><tr class="skippedeven"><td><a href="#m49">setUp</a></td></tr><tr class="skippedeven"><td><a href="#m50">setUp</a></td></tr><tr class="skippedeven"><td><a href="#m51">setUp</a></td></tr><tr class="skippedeven"><td><a href="#m52">setUp</a></td></tr><tr class="skippedeven"><td><a href="#m53">setUp</a></td></tr><tr class="skippedeven"><td><a href="#m54">setUp</a></td></tr><tr class="skippedeven"><td><a href="#m55">setUp</a></td></tr><tr class="skippedeven"><td><a href="#m56">setUp</a></td></tr><tr class="skippedeven"><td><a href="#m57">setUp</a></td></tr><tr class="skippedeven"><td><a href="#m58">setUp</a></td></tr><tr class="skippedeven"><td><a href="#m59">setUp</a></td></tr><tr class="skippedeven"><td><a href="#m60">tearDown</a></td><td rowspan="15">1600993631028</td><td rowspan="15">-1600993631028</td></tr><tr class="skippedeven"><td><a href="#m61">tearDown</a></td></tr><tr class="skippedeven"><td><a href="#m62">tearDown</a></td></tr><tr class="skippedeven"><td><a href="#m63">tearDown</a></td></tr><tr class="skippedeven"><td><a href="#m64">tearDown</a></td></tr><tr class="skippedeven"><td><a href="#m65">tearDown</a></td></tr><tr class="skippedeven"><td><a href="#m66">tearDown</a></td></tr><tr class="skippedeven"><td><a href="#m67">tearDown</a></td></tr><tr class="skippedeven"><td><a href="#m68">tearDown</a></td></tr><tr class="skippedeven"><td><a href="#m69">tearDown</a></td></tr><tr class="skippedeven"><td><a href="#m70">tearDown</a></td></tr><tr class="skippedeven"><td><a href="#m71">tearDown</a></td></tr><tr class="skippedeven"><td><a href="#m72">tearDown</a></td></tr><tr class="skippedeven"><td><a href="#m73">tearDown</a></td></tr><tr class="skippedeven"><td><a href="#m74">tearDown</a></td></tr><tr><th colspan="4"> Login Test ie &#8212; skipped</th></tr><tr class="skippedeven"><td rowspan="15">org.slk.test.LoginTest</td><td><a href="#m75">invalidCredintailsTest</a></td><td rowspan="5">1600993630991</td><td rowspan="5">0</td></tr><tr class="skippedeven"><td><a href="#m76">invalidCredintailsTest</a></td></tr><tr class="skippedeven"><td><a href="#m77">invalidCredintailsTest</a></td></tr><tr class="skippedeven"><td><a href="#m78">invalidCredintailsTest</a></td></tr><tr class="skippedeven"><td><a href="#m79">invalidCredintailsTest</a></td></tr><tr class="skippedeven"><td><a href="#m80">validCredintailsTest</a></td><td rowspan="5">1600993631123</td><td rowspan="5">0</td></tr><tr class="skippedeven"><td><a href="#m81">validCredintailsTest</a></td></tr><tr class="skippedeven"><td><a href="#m82">validCredintailsTest</a></td></tr><tr class="skippedeven"><td><a href="#m83">validCredintailsTest</a></td></tr><tr class="skippedeven"><td><a href="#m84">validCredintailsTest</a></td></tr><tr class="skippedeven"><td><a href="#m85">validCredintailsTest1</a></td><td rowspan="5">1600993630852</td><td rowspan="5">1</td></tr><tr class="skippedeven"><td><a href="#m86">validCredintailsTest1</a></td></tr><tr class="skippedeven"><td><a href="#m87">validCredintailsTest1</a></td></tr><tr class="skippedeven"><td><a href="#m88">validCredintailsTest1</a></td></tr><tr class="skippedeven"><td><a href="#m89">validCredintailsTest1</a></td></tr></tbody>
<tbody id="t2"><tr><th colspan="4"> Login Test ff &#8212; failed (configuration methods)</th></tr><tr class="failedeven"><td rowspan="1">org.slk.test.LoginTest</td><td><a href="#m90">setUp</a></td><td rowspan="1">1600993631228</td><td rowspan="1">-1600993631228</td></tr><tr><th colspan="4"> Login Test ff &#8212; skipped (configuration methods)</th></tr><tr class="skippedeven"><td rowspan="29">org.slk.test.LoginTest</td><td><a href="#m91">setUp</a></td><td rowspan="14">1600993631254</td><td rowspan="14">-1600993631254</td></tr><tr class="skippedeven"><td><a href="#m92">setUp</a></td></tr><tr class="skippedeven"><td><a href="#m93">setUp</a></td></tr><tr class="skippedeven"><td><a href="#m94">setUp</a></td></tr><tr class="skippedeven"><td><a href="#m95">setUp</a></td></tr><tr class="skippedeven"><td><a href="#m96">setUp</a></td></tr><tr class="skippedeven"><td><a href="#m97">setUp</a></td></tr><tr class="skippedeven"><td><a href="#m98">setUp</a></td></tr><tr class="skippedeven"><td><a href="#m99">setUp</a></td></tr><tr class="skippedeven"><td><a href="#m100">setUp</a></td></tr><tr class="skippedeven"><td><a href="#m101">setUp</a></td></tr><tr class="skippedeven"><td><a href="#m102">setUp</a></td></tr><tr class="skippedeven"><td><a href="#m103">setUp</a></td></tr><tr class="skippedeven"><td><a href="#m104">setUp</a></td></tr><tr class="skippedeven"><td><a href="#m105">tearDown</a></td><td rowspan="15">1600993631454</td><td rowspan="15">-1600993631454</td></tr><tr class="skippedeven"><td><a href="#m106">tearDown</a></td></tr><tr class="skippedeven"><td><a href="#m107">tearDown</a></td></tr><tr class="skippedeven"><td><a href="#m108">tearDown</a></td></tr><tr class="skippedeven"><td><a href="#m109">tearDown</a></td></tr><tr class="skippedeven"><td><a href="#m110">tearDown</a></td></tr><tr class="skippedeven"><td><a href="#m111">tearDown</a></td></tr><tr class="skippedeven"><td><a href="#m112">tearDown</a></td></tr><tr class="skippedeven"><td><a href="#m113">tearDown</a></td></tr><tr class="skippedeven"><td><a href="#m114">tearDown</a></td></tr><tr class="skippedeven"><td><a href="#m115">tearDown</a></td></tr><tr class="skippedeven"><td><a href="#m116">tearDown</a></td></tr><tr class="skippedeven"><td><a href="#m117">tearDown</a></td></tr><tr class="skippedeven"><td><a href="#m118">tearDown</a></td></tr><tr class="skippedeven"><td><a href="#m119">tearDown</a></td></tr><tr><th colspan="4"> Login Test ff &#8212; skipped</th></tr><tr class="skippedeven"><td rowspan="15">org.slk.test.LoginTest</td><td><a href="#m120">invalidCredintailsTest</a></td><td rowspan="5">1600993631452</td><td rowspan="5">0</td></tr><tr class="skippedeven"><td><a href="#m121">invalidCredintailsTest</a></td></tr><tr class="skippedeven"><td><a href="#m122">invalidCredintailsTest</a></td></tr><tr class="skippedeven"><td><a href="#m123">invalidCredintailsTest</a></td></tr><tr class="skippedeven"><td><a href="#m124">invalidCredintailsTest</a></td></tr><tr class="skippedeven"><td><a href="#m125">validCredintailsTest</a></td><td rowspan="5">1600993631536</td><td rowspan="5">0</td></tr><tr class="skippedeven"><td><a href="#m126">validCredintailsTest</a></td></tr><tr class="skippedeven"><td><a href="#m127">validCredintailsTest</a></td></tr><tr class="skippedeven"><td><a href="#m128">validCredintailsTest</a></td></tr><tr class="skippedeven"><td><a href="#m129">validCredintailsTest</a></td></tr><tr class="skippedeven"><td><a href="#m130">validCredintailsTest1</a></td><td rowspan="5">1600993631231</td><td rowspan="5">0</td></tr><tr class="skippedeven"><td><a href="#m131">validCredintailsTest1</a></td></tr><tr class="skippedeven"><td><a href="#m132">validCredintailsTest1</a></td></tr><tr class="skippedeven"><td><a href="#m133">validCredintailsTest1</a></td></tr><tr class="skippedeven"><td><a href="#m134">validCredintailsTest1</a></td></tr></tbody>
</table>
<h2>Login Test ch</h2><h3 id="m0">org.slk.test.LoginTest#setUp</h3><table class="result"><tr><th>Exception</th></tr><tr><td><div class="stacktrace">org.testng.TestNGException: 
Method setUp requires 2 parameters but 1 were supplied in the BeforeMethod annotation.
	at java.util.ArrayList.forEach(ArrayList.java:1259)
... Removed 28 stack frames</div></td></tr></table><p class="totop"><a href="#summary">back to summary</a></p>
<h3 id="m1">org.slk.test.LoginTest#setUp</h3><table class="result"><tr><th class="invisible"/></tr></table><p class="totop"><a href="#summary">back to summary</a></p>
<h3 id="m2">org.slk.test.LoginTest#setUp</h3><table class="result"><tr><th class="invisible"/></tr></table><p class="totop"><a href="#summary">back to summary</a></p>
<h3 id="m3">org.slk.test.LoginTest#setUp</h3><table class="result"><tr><th class="invisible"/></tr></table><p class="totop"><a href="#summary">back to summary</a></p>
<h3 id="m4">org.slk.test.LoginTest#setUp</h3><table class="result"><tr><th class="invisible"/></tr></table><p class="totop"><a href="#summary">back to summary</a></p>
<h3 id="m5">org.slk.test.LoginTest#setUp</h3><table class="result"><tr><th class="invisible"/></tr></table><p class="totop"><a href="#summary">back to summary</a></p>
<h3 id="m6">org.slk.test.LoginTest#setUp</h3><table class="result"><tr><th class="invisible"/></tr></table><p class="totop"><a href="#summary">back to summary</a></p>
<h3 id="m7">org.slk.test.LoginTest#setUp</h3><table class="result"><tr><th class="invisible"/></tr></table><p class="totop"><a href="#summary">back to summary</a></p>
<h3 id="m8">org.slk.test.LoginTest#setUp</h3><table class="result"><tr><th class="invisible"/></tr></table><p class="totop"><a href="#summary">back to summary</a></p>
<h3 id="m9">org.slk.test.LoginTest#setUp</h3><table class="result"><tr><th class="invisible"/></tr></table><p class="totop"><a href="#summary">back to summary</a></p>
<h3 id="m10">org.slk.test.LoginTest#setUp</h3><table class="result"><tr><th class="invisible"/></tr></table><p class="totop"><a href="#summary">back to summary</a></p>
<h3 id="m11">org.slk.test.LoginTest#setUp</h3><table class="result"><tr><th class="invisible"/></tr></table><p class="totop"><a href="#summary">back to summary</a></p>
<h3 id="m12">org.slk.test.LoginTest#setUp</h3><table class="result"><tr><th class="invisible"/></tr></table><p class="totop"><a href="#summary">back to summary</a></p>
<h3 id="m13">org.slk.test.LoginTest#setUp</h3><table class="result"><tr><th class="invisible"/></tr></table><p class="totop"><a href="#summary">back to summary</a></p>
<h3 id="m14">org.slk.test.LoginTest#setUp</h3><table class="result"><tr><th class="invisible"/></tr></table><p class="totop"><a href="#summary">back to summary</a></p>
<h3 id="m15">org.slk.test.LoginTest#tearDown</h3><table class="result"><tr><th class="invisible"/></tr></table><p class="totop"><a href="#summary">back to summary</a></p>
<h3 id="m16">org.slk.test.LoginTest#tearDown</h3><table class="result"><tr><th class="invisible"/></tr></table><p class="totop"><a href="#summary">back to summary</a></p>
<h3 id="m17">org.slk.test.LoginTest#tearDown</h3><table class="result"><tr><th class="invisible"/></tr></table><p class="totop"><a href="#summary">back to summary</a></p>
<h3 id="m18">org.slk.test.LoginTest#tearDown</h3><table class="result"><tr><th class="invisible"/></tr></table><p class="totop"><a href="#summary">back to summary</a></p>
<h3 id="m19">org.slk.test.LoginTest#tearDown</h3><table class="result"><tr><th class="invisible"/></tr></table><p class="totop"><a href="#summary">back to summary</a></p>
<h3 id="m20">org.slk.test.LoginTest#tearDown</h3><table class="result"><tr><th class="invisible"/></tr></table><p class="totop"><a href="#summary">back to summary</a></p>
<h3 id="m21">org.slk.test.LoginTest#tearDown</h3><table class="result"><tr><th class="invisible"/></tr></table><p class="totop"><a href="#summary">back to summary</a></p>
<h3 id="m22">org.slk.test.LoginTest#tearDown</h3><table class="result"><tr><th class="invisible"/></tr></table><p class="totop"><a href="#summary">back to summary</a></p>
<h3 id="m23">org.slk.test.LoginTest#tearDown</h3><table class="result"><tr><th class="invisible"/></tr></table><p class="totop"><a href="#summary">back to summary</a></p>
<h3 id="m24">org.slk.test.LoginTest#tearDown</h3><table class="result"><tr><th class="invisible"/></tr></table><p class="totop"><a href="#summary">back to summary</a></p>
<h3 id="m25">org.slk.test.LoginTest#tearDown</h3><table class="result"><tr><th class="invisible"/></tr></table><p class="totop"><a href="#summary">back to summary</a></p>
<h3 id="m26">org.slk.test.LoginTest#tearDown</h3><table class="result"><tr><th class="invisible"/></tr></table><p class="totop"><a href="#summary">back to summary</a></p>
<h3 id="m27">org.slk.test.LoginTest#tearDown</h3><table class="result"><tr><th class="invisible"/></tr></table><p class="totop"><a href="#summary">back to summary</a></p>
<h3 id="m28">org.slk.test.LoginTest#tearDown</h3><table class="result"><tr><th class="invisible"/></tr></table><p class="totop"><a href="#summary">back to summary</a></p>
<h3 id="m29">org.slk.test.LoginTest#tearDown</h3><table class="result"><tr><th class="invisible"/></tr></table><p class="totop"><a href="#summary">back to summary</a></p>
<h3 id="m30">org.slk.test.LoginTest#invalidCredintailsTest</h3><table class="result"><tr class="param"><th>Parameter #1</th><th>Parameter #2</th><th>Parameter #3</th><th>Parameter #4</th></tr><tr class="param stripe"><td>testq</td><td>hai123</td><td>Default - English (Standard)</td><td>Invalid username or password</td></tr><tr><th colspan="4">Exception</th></tr><tr><td colspan="4"><div class="stacktrace">org.testng.TestNGException: 
Method setUp requires 2 parameters but 1 were supplied in the BeforeMethod annotation.
	at java.util.ArrayList.forEach(ArrayList.java:1259)
... Removed 28 stack frames</div></td></tr></table><p class="totop"><a href="#summary">back to summary</a></p>
<h3 id="m31">org.slk.test.LoginTest#invalidCredintailsTest</h3><table class="result"><tr class="param"><th>Parameter #1</th><th>Parameter #2</th><th>Parameter #3</th><th>Parameter #4</th></tr><tr class="param stripe"><td>selenium</td><td>hai123</td><td>Default - English (Standard)</td><td>Invalid username or password</td></tr><tr><th colspan="4">Exception</th></tr><tr><td colspan="4"><div class="stacktrace">org.testng.TestNGException: 
Method setUp requires 2 parameters but 1 were supplied in the BeforeMethod annotation.
	at java.util.ArrayList.forEach(ArrayList.java:1259)
... Removed 28 stack frames</div></td></tr></table><p class="totop"><a href="#summary">back to summary</a></p>
<h3 id="m32">org.slk.test.LoginTest#invalidCredintailsTest</h3><table class="result"><tr class="param"><th>Parameter #1</th><th>Parameter #2</th><th>Parameter #3</th><th>Parameter #4</th></tr><tr class="param stripe"><td>jon</td><td>pass123</td><td>Default - English (Standard)</td><td>Invalid username or password</td></tr><tr><th colspan="4">Exception</th></tr><tr><td colspan="4"><div class="stacktrace">org.testng.TestNGException: 
Method setUp requires 2 parameters but 1 were supplied in the BeforeMethod annotation.
	at java.util.ArrayList.forEach(ArrayList.java:1259)
... Removed 28 stack frames</div></td></tr></table><p class="totop"><a href="#summary">back to summary</a></p>
<h3 id="m33">org.slk.test.LoginTest#invalidCredintailsTest</h3><table class="result"><tr class="param"><th>Parameter #1</th><th>Parameter #2</th><th>Parameter #3</th><th>Parameter #4</th></tr><tr class="param stripe"><td>david</td><td>hello1</td><td>Default - English (Standard)</td><td>Invalid username or password</td></tr><tr><th colspan="4">Exception</th></tr><tr><td colspan="4"><div class="stacktrace">org.testng.TestNGException: 
Method setUp requires 2 parameters but 1 were supplied in the BeforeMethod annotation.
	at java.util.ArrayList.forEach(ArrayList.java:1259)
... Removed 28 stack frames</div></td></tr></table><p class="totop"><a href="#summary">back to summary</a></p>
<h3 id="m34">org.slk.test.LoginTest#invalidCredintailsTest</h3><table class="result"><tr class="param"><th>Parameter #1</th><th>Parameter #2</th><th>Parameter #3</th><th>Parameter #4</th></tr><tr class="param stripe"><td>admin</td><td>pass123</td><td>Default - English (Standard)</td><td>Invalid username or password</td></tr><tr><th colspan="4">Exception</th></tr><tr><td colspan="4"><div class="stacktrace">org.testng.TestNGException: 
Method setUp requires 2 parameters but 1 were supplied in the BeforeMethod annotation.
	at java.util.ArrayList.forEach(ArrayList.java:1259)
... Removed 28 stack frames</div></td></tr></table><p class="totop"><a href="#summary">back to summary</a></p>
<h3 id="m35">org.slk.test.LoginTest#validCredintailsTest</h3><table class="result"><tr class="param"><th>Parameter #1</th><th>Parameter #2</th><th>Parameter #3</th><th>Parameter #4</th></tr><tr class="param stripe"><td>accountant</td><td>accountant</td><td>Default - English (Standard)</td><td>OpenEMR</td></tr><tr><th colspan="4">Exception</th></tr><tr><td colspan="4"><div class="stacktrace">org.testng.TestNGException: 
Method setUp requires 2 parameters but 1 were supplied in the BeforeMethod annotation.
	at java.util.ArrayList.forEach(ArrayList.java:1259)
... Removed 28 stack frames</div></td></tr></table><p class="totop"><a href="#summary">back to summary</a></p>
<h3 id="m36">org.slk.test.LoginTest#validCredintailsTest</h3><table class="result"><tr class="param"><th>Parameter #1</th><th>Parameter #2</th><th>Parameter #3</th><th>Parameter #4</th></tr><tr class="param stripe"><td>physician</td><td>physician</td><td>Default - English (Standard)</td><td>OpenEMR</td></tr><tr><th colspan="4">Exception</th></tr><tr><td colspan="4"><div class="stacktrace">org.testng.TestNGException: 
Method setUp requires 2 parameters but 1 were supplied in the BeforeMethod annotation.
	at java.util.ArrayList.forEach(ArrayList.java:1259)
... Removed 28 stack frames</div></td></tr></table><p class="totop"><a href="#summary">back to summary</a></p>
<h3 id="m37">org.slk.test.LoginTest#validCredintailsTest</h3><table class="result"><tr class="param"><th>Parameter #1</th><th>Parameter #2</th><th>Parameter #3</th><th>Parameter #4</th></tr><tr class="param stripe"><td>receptionist</td><td>receptionist</td><td>Default - English (Standard)</td><td>OpenEMR</td></tr><tr><th colspan="4">Exception</th></tr><tr><td colspan="4"><div class="stacktrace">org.testng.TestNGException: 
Method setUp requires 2 parameters but 1 were supplied in the BeforeMethod annotation.
	at java.util.ArrayList.forEach(ArrayList.java:1259)
... Removed 28 stack frames</div></td></tr></table><p class="totop"><a href="#summary">back to summary</a></p>
<h3 id="m38">org.slk.test.LoginTest#validCredintailsTest</h3><table class="result"><tr class="param"><th>Parameter #1</th><th>Parameter #2</th><th>Parameter #3</th><th>Parameter #4</th></tr><tr class="param stripe"><td>admin</td><td>pass</td><td>Default - English (Standard)</td><td>OpenEMR</td></tr><tr><th colspan="4">Exception</th></tr><tr><td colspan="4"><div class="stacktrace">org.testng.TestNGException: 
Method setUp requires 2 parameters but 1 were supplied in the BeforeMethod annotation.
	at java.util.ArrayList.forEach(ArrayList.java:1259)
... Removed 28 stack frames</div></td></tr></table><p class="totop"><a href="#summary">back to summary</a></p>
<h3 id="m39">org.slk.test.LoginTest#validCredintailsTest</h3><table class="result"><tr class="param"><th>Parameter #1</th><th>Parameter #2</th><th>Parameter #3</th><th>Parameter #4</th></tr><tr class="param stripe"><td>clinician</td><td>clinician</td><td>Default - English (Standard)</td><td>OpenEMR</td></tr><tr><th colspan="4">Exception</th></tr><tr><td colspan="4"><div class="stacktrace">org.testng.TestNGException: 
Method setUp requires 2 parameters but 1 were supplied in the BeforeMethod annotation.
	at java.util.ArrayList.forEach(ArrayList.java:1259)
... Removed 28 stack frames</div></td></tr></table><p class="totop"><a href="#summary">back to summary</a></p>
<h3 id="m40">org.slk.test.LoginTest#validCredintailsTest1</h3><table class="result"><tr class="param"><th>Parameter #1</th><th>Parameter #2</th></tr><tr class="param stripe"><td>physician</td><td>physician</td></tr><tr><th colspan="2">Exception</th></tr><tr><td colspan="2"><div class="stacktrace">org.testng.TestNGException: 
Method setUp requires 2 parameters but 1 were supplied in the BeforeMethod annotation.
	at java.util.ArrayList.forEach(ArrayList.java:1259)
... Removed 28 stack frames</div></td></tr></table><p class="totop"><a href="#summary">back to summary</a></p>
<h3 id="m41">org.slk.test.LoginTest#validCredintailsTest1</h3><table class="result"><tr class="param"><th>Parameter #1</th><th>Parameter #2</th></tr><tr class="param stripe"><td>clinician</td><td>clinician</td></tr><tr><th colspan="2">Exception</th></tr><tr><td colspan="2"><div class="stacktrace">org.testng.TestNGException: 
Method setUp requires 2 parameters but 1 were supplied in the BeforeMethod annotation.
	at java.util.ArrayList.forEach(ArrayList.java:1259)
... Removed 28 stack frames</div></td></tr></table><p class="totop"><a href="#summary">back to summary</a></p>
<h3 id="m42">org.slk.test.LoginTest#validCredintailsTest1</h3><table class="result"><tr class="param"><th>Parameter #1</th><th>Parameter #2</th></tr><tr class="param stripe"><td>accountant</td><td>accountant</td></tr><tr><th colspan="2">Exception</th></tr><tr><td colspan="2"><div class="stacktrace">org.testng.TestNGException: 
Method setUp requires 2 parameters but 1 were supplied in the BeforeMethod annotation.
	at java.util.ArrayList.forEach(ArrayList.java:1259)
... Removed 28 stack frames</div></td></tr></table><p class="totop"><a href="#summary">back to summary</a></p>
<h3 id="m43">org.slk.test.LoginTest#validCredintailsTest1</h3><table class="result"><tr class="param"><th>Parameter #1</th><th>Parameter #2</th></tr><tr class="param stripe"><td>admin</td><td>pass</td></tr><tr><th colspan="2">Exception</th></tr><tr><td colspan="2"><div class="stacktrace">org.testng.TestNGException: 
Method setUp requires 2 parameters but 1 were supplied in the BeforeMethod annotation.
	at java.util.ArrayList.forEach(ArrayList.java:1259)
... Removed 28 stack frames</div></td></tr></table><p class="totop"><a href="#summary">back to summary</a></p>
<h3 id="m44">org.slk.test.LoginTest#validCredintailsTest1</h3><table class="result"><tr class="param"><th>Parameter #1</th><th>Parameter #2</th></tr><tr class="param stripe"><td>receptionist</td><td>receptionist</td></tr><tr><th colspan="2">Exception</th></tr><tr><td colspan="2"><div class="stacktrace">org.testng.TestNGException: 
Method setUp requires 2 parameters but 1 were supplied in the BeforeMethod annotation.
	at java.util.ArrayList.forEach(ArrayList.java:1259)
... Removed 28 stack frames</div></td></tr></table><p class="totop"><a href="#summary">back to summary</a></p>
<h2> Login Test ie</h2><h3 id="m45">org.slk.test.LoginTest#setUp</h3><table class="result"><tr><th>Exception</th></tr><tr><td><div class="stacktrace">org.testng.TestNGException: 
Method setUp requires 2 parameters but 1 were supplied in the BeforeMethod annotation.
	at java.util.ArrayList.forEach(ArrayList.java:1259)
... Removed 28 stack frames</div></td></tr></table><p class="totop"><a href="#summary">back to summary</a></p>
<h3 id="m46">org.slk.test.LoginTest#setUp</h3><table class="result"><tr><th class="invisible"/></tr></table><p class="totop"><a href="#summary">back to summary</a></p>
<h3 id="m47">org.slk.test.LoginTest#setUp</h3><table class="result"><tr><th class="invisible"/></tr></table><p class="totop"><a href="#summary">back to summary</a></p>
<h3 id="m48">org.slk.test.LoginTest#setUp</h3><table class="result"><tr><th class="invisible"/></tr></table><p class="totop"><a href="#summary">back to summary</a></p>
<h3 id="m49">org.slk.test.LoginTest#setUp</h3><table class="result"><tr><th class="invisible"/></tr></table><p class="totop"><a href="#summary">back to summary</a></p>
<h3 id="m50">org.slk.test.LoginTest#setUp</h3><table class="result"><tr><th class="invisible"/></tr></table><p class="totop"><a href="#summary">back to summary</a></p>
<h3 id="m51">org.slk.test.LoginTest#setUp</h3><table class="result"><tr><th class="invisible"/></tr></table><p class="totop"><a href="#summary">back to summary</a></p>
<h3 id="m52">org.slk.test.LoginTest#setUp</h3><table class="result"><tr><th class="invisible"/></tr></table><p class="totop"><a href="#summary">back to summary</a></p>
<h3 id="m53">org.slk.test.LoginTest#setUp</h3><table class="result"><tr><th class="invisible"/></tr></table><p class="totop"><a href="#summary">back to summary</a></p>
<h3 id="m54">org.slk.test.LoginTest#setUp</h3><table class="result"><tr><th class="invisible"/></tr></table><p class="totop"><a href="#summary">back to summary</a></p>
<h3 id="m55">org.slk.test.LoginTest#setUp</h3><table class="result"><tr><th class="invisible"/></tr></table><p class="totop"><a href="#summary">back to summary</a></p>
<h3 id="m56">org.slk.test.LoginTest#setUp</h3><table class="result"><tr><th class="invisible"/></tr></table><p class="totop"><a href="#summary">back to summary</a></p>
<h3 id="m57">org.slk.test.LoginTest#setUp</h3><table class="result"><tr><th class="invisible"/></tr></table><p class="totop"><a href="#summary">back to summary</a></p>
<h3 id="m58">org.slk.test.LoginTest#setUp</h3><table class="result"><tr><th class="invisible"/></tr></table><p class="totop"><a href="#summary">back to summary</a></p>
<h3 id="m59">org.slk.test.LoginTest#setUp</h3><table class="result"><tr><th class="invisible"/></tr></table><p class="totop"><a href="#summary">back to summary</a></p>
<h3 id="m60">org.slk.test.LoginTest#tearDown</h3><table class="result"><tr><th class="invisible"/></tr></table><p class="totop"><a href="#summary">back to summary</a></p>
<h3 id="m61">org.slk.test.LoginTest#tearDown</h3><table class="result"><tr><th class="invisible"/></tr></table><p class="totop"><a href="#summary">back to summary</a></p>
<h3 id="m62">org.slk.test.LoginTest#tearDown</h3><table class="result"><tr><th class="invisible"/></tr></table><p class="totop"><a href="#summary">back to summary</a></p>
<h3 id="m63">org.slk.test.LoginTest#tearDown</h3><table class="result"><tr><th class="invisible"/></tr></table><p class="totop"><a href="#summary">back to summary</a></p>
<h3 id="m64">org.slk.test.LoginTest#tearDown</h3><table class="result"><tr><th class="invisible"/></tr></table><p class="totop"><a href="#summary">back to summary</a></p>
<h3 id="m65">org.slk.test.LoginTest#tearDown</h3><table class="result"><tr><th class="invisible"/></tr></table><p class="totop"><a href="#summary">back to summary</a></p>
<h3 id="m66">org.slk.test.LoginTest#tearDown</h3><table class="result"><tr><th class="invisible"/></tr></table><p class="totop"><a href="#summary">back to summary</a></p>
<h3 id="m67">org.slk.test.LoginTest#tearDown</h3><table class="result"><tr><th class="invisible"/></tr></table><p class="totop"><a href="#summary">back to summary</a></p>
<h3 id="m68">org.slk.test.LoginTest#tearDown</h3><table class="result"><tr><th class="invisible"/></tr></table><p class="totop"><a href="#summary">back to summary</a></p>
<h3 id="m69">org.slk.test.LoginTest#tearDown</h3><table class="result"><tr><th class="invisible"/></tr></table><p class="totop"><a href="#summary">back to summary</a></p>
<h3 id="m70">org.slk.test.LoginTest#tearDown</h3><table class="result"><tr><th class="invisible"/></tr></table><p class="totop"><a href="#summary">back to summary</a></p>
<h3 id="m71">org.slk.test.LoginTest#tearDown</h3><table class="result"><tr><th class="invisible"/></tr></table><p class="totop"><a href="#summary">back to summary</a></p>
<h3 id="m72">org.slk.test.LoginTest#tearDown</h3><table class="result"><tr><th class="invisible"/></tr></table><p class="totop"><a href="#summary">back to summary</a></p>
<h3 id="m73">org.slk.test.LoginTest#tearDown</h3><table class="result"><tr><th class="invisible"/></tr></table><p class="totop"><a href="#summary">back to summary</a></p>
<h3 id="m74">org.slk.test.LoginTest#tearDown</h3><table class="result"><tr><th class="invisible"/></tr></table><p class="totop"><a href="#summary">back to summary</a></p>
<h3 id="m75">org.slk.test.LoginTest#invalidCredintailsTest</h3><table class="result"><tr class="param"><th>Parameter #1</th><th>Parameter #2</th><th>Parameter #3</th><th>Parameter #4</th></tr><tr class="param stripe"><td>admin</td><td>pass123</td><td>Default - English (Standard)</td><td>Invalid username or password</td></tr><tr><th colspan="4">Exception</th></tr><tr><td colspan="4"><div class="stacktrace">org.testng.TestNGException: 
Method setUp requires 2 parameters but 1 were supplied in the BeforeMethod annotation.
	at java.util.ArrayList.forEach(ArrayList.java:1259)
... Removed 28 stack frames</div></td></tr></table><p class="totop"><a href="#summary">back to summary</a></p>
<h3 id="m76">org.slk.test.LoginTest#invalidCredintailsTest</h3><table class="result"><tr class="param"><th>Parameter #1</th><th>Parameter #2</th><th>Parameter #3</th><th>Parameter #4</th></tr><tr class="param stripe"><td>david</td><td>hello1</td><td>Default - English (Standard)</td><td>Invalid username or password</td></tr><tr><th colspan="4">Exception</th></tr><tr><td colspan="4"><div class="stacktrace">org.testng.TestNGException: 
Method setUp requires 2 parameters but 1 were supplied in the BeforeMethod annotation.
	at java.util.ArrayList.forEach(ArrayList.java:1259)
... Removed 28 stack frames</div></td></tr></table><p class="totop"><a href="#summary">back to summary</a></p>
<h3 id="m77">org.slk.test.LoginTest#invalidCredintailsTest</h3><table class="result"><tr class="param"><th>Parameter #1</th><th>Parameter #2</th><th>Parameter #3</th><th>Parameter #4</th></tr><tr class="param stripe"><td>selenium</td><td>hai123</td><td>Default - English (Standard)</td><td>Invalid username or password</td></tr><tr><th colspan="4">Exception</th></tr><tr><td colspan="4"><div class="stacktrace">org.testng.TestNGException: 
Method setUp requires 2 parameters but 1 were supplied in the BeforeMethod annotation.
	at java.util.ArrayList.forEach(ArrayList.java:1259)
... Removed 28 stack frames</div></td></tr></table><p class="totop"><a href="#summary">back to summary</a></p>
<h3 id="m78">org.slk.test.LoginTest#invalidCredintailsTest</h3><table class="result"><tr class="param"><th>Parameter #1</th><th>Parameter #2</th><th>Parameter #3</th><th>Parameter #4</th></tr><tr class="param stripe"><td>jon</td><td>pass123</td><td>Default - English (Standard)</td><td>Invalid username or password</td></tr><tr><th colspan="4">Exception</th></tr><tr><td colspan="4"><div class="stacktrace">org.testng.TestNGException: 
Method setUp requires 2 parameters but 1 were supplied in the BeforeMethod annotation.
	at java.util.ArrayList.forEach(ArrayList.java:1259)
... Removed 28 stack frames</div></td></tr></table><p class="totop"><a href="#summary">back to summary</a></p>
<h3 id="m79">org.slk.test.LoginTest#invalidCredintailsTest</h3><table class="result"><tr class="param"><th>Parameter #1</th><th>Parameter #2</th><th>Parameter #3</th><th>Parameter #4</th></tr><tr class="param stripe"><td>testq</td><td>hai123</td><td>Default - English (Standard)</td><td>Invalid username or password</td></tr><tr><th colspan="4">Exception</th></tr><tr><td colspan="4"><div class="stacktrace">org.testng.TestNGException: 
Method setUp requires 2 parameters but 1 were supplied in the BeforeMethod annotation.
	at java.util.ArrayList.forEach(ArrayList.java:1259)
... Removed 28 stack frames</div></td></tr></table><p class="totop"><a href="#summary">back to summary</a></p>
<h3 id="m80">org.slk.test.LoginTest#validCredintailsTest</h3><table class="result"><tr class="param"><th>Parameter #1</th><th>Parameter #2</th><th>Parameter #3</th><th>Parameter #4</th></tr><tr class="param stripe"><td>admin</td><td>pass</td><td>Default - English (Standard)</td><td>OpenEMR</td></tr><tr><th colspan="4">Exception</th></tr><tr><td colspan="4"><div class="stacktrace">org.testng.TestNGException: 
Method setUp requires 2 parameters but 1 were supplied in the BeforeMethod annotation.
	at java.util.ArrayList.forEach(ArrayList.java:1259)
... Removed 28 stack frames</div></td></tr></table><p class="totop"><a href="#summary">back to summary</a></p>
<h3 id="m81">org.slk.test.LoginTest#validCredintailsTest</h3><table class="result"><tr class="param"><th>Parameter #1</th><th>Parameter #2</th><th>Parameter #3</th><th>Parameter #4</th></tr><tr class="param stripe"><td>physician</td><td>physician</td><td>Default - English (Standard)</td><td>OpenEMR</td></tr><tr><th colspan="4">Exception</th></tr><tr><td colspan="4"><div class="stacktrace">org.testng.TestNGException: 
Method setUp requires 2 parameters but 1 were supplied in the BeforeMethod annotation.
	at java.util.ArrayList.forEach(ArrayList.java:1259)
... Removed 28 stack frames</div></td></tr></table><p class="totop"><a href="#summary">back to summary</a></p>
<h3 id="m82">org.slk.test.LoginTest#validCredintailsTest</h3><table class="result"><tr class="param"><th>Parameter #1</th><th>Parameter #2</th><th>Parameter #3</th><th>Parameter #4</th></tr><tr class="param stripe"><td>accountant</td><td>accountant</td><td>Default - English (Standard)</td><td>OpenEMR</td></tr><tr><th colspan="4">Exception</th></tr><tr><td colspan="4"><div class="stacktrace">org.testng.TestNGException: 
Method setUp requires 2 parameters but 1 were supplied in the BeforeMethod annotation.
	at java.util.ArrayList.forEach(ArrayList.java:1259)
... Removed 28 stack frames</div></td></tr></table><p class="totop"><a href="#summary">back to summary</a></p>
<h3 id="m83">org.slk.test.LoginTest#validCredintailsTest</h3><table class="result"><tr class="param"><th>Parameter #1</th><th>Parameter #2</th><th>Parameter #3</th><th>Parameter #4</th></tr><tr class="param stripe"><td>receptionist</td><td>receptionist</td><td>Default - English (Standard)</td><td>OpenEMR</td></tr><tr><th colspan="4">Exception</th></tr><tr><td colspan="4"><div class="stacktrace">org.testng.TestNGException: 
Method setUp requires 2 parameters but 1 were supplied in the BeforeMethod annotation.
	at java.util.ArrayList.forEach(ArrayList.java:1259)
... Removed 28 stack frames</div></td></tr></table><p class="totop"><a href="#summary">back to summary</a></p>
<h3 id="m84">org.slk.test.LoginTest#validCredintailsTest</h3><table class="result"><tr class="param"><th>Parameter #1</th><th>Parameter #2</th><th>Parameter #3</th><th>Parameter #4</th></tr><tr class="param stripe"><td>clinician</td><td>clinician</td><td>Default - English (Standard)</td><td>OpenEMR</td></tr><tr><th colspan="4">Exception</th></tr><tr><td colspan="4"><div class="stacktrace">org.testng.TestNGException: 
Method setUp requires 2 parameters but 1 were supplied in the BeforeMethod annotation.
	at java.util.ArrayList.forEach(ArrayList.java:1259)
... Removed 28 stack frames</div></td></tr></table><p class="totop"><a href="#summary">back to summary</a></p>
<h3 id="m85">org.slk.test.LoginTest#validCredintailsTest1</h3><table class="result"><tr class="param"><th>Parameter #1</th><th>Parameter #2</th></tr><tr class="param stripe"><td>admin</td><td>pass</td></tr><tr><th colspan="2">Exception</th></tr><tr><td colspan="2"><div class="stacktrace">org.testng.TestNGException: 
Method setUp requires 2 parameters but 1 were supplied in the BeforeMethod annotation.
	at java.util.ArrayList.forEach(ArrayList.java:1259)
... Removed 28 stack frames</div></td></tr></table><p class="totop"><a href="#summary">back to summary</a></p>
<h3 id="m86">org.slk.test.LoginTest#validCredintailsTest1</h3><table class="result"><tr class="param"><th>Parameter #1</th><th>Parameter #2</th></tr><tr class="param stripe"><td>clinician</td><td>clinician</td></tr><tr><th colspan="2">Exception</th></tr><tr><td colspan="2"><div class="stacktrace">org.testng.TestNGException: 
Method setUp requires 2 parameters but 1 were supplied in the BeforeMethod annotation.
	at java.util.ArrayList.forEach(ArrayList.java:1259)
... Removed 28 stack frames</div></td></tr></table><p class="totop"><a href="#summary">back to summary</a></p>
<h3 id="m87">org.slk.test.LoginTest#validCredintailsTest1</h3><table class="result"><tr class="param"><th>Parameter #1</th><th>Parameter #2</th></tr><tr class="param stripe"><td>accountant</td><td>accountant</td></tr><tr><th colspan="2">Exception</th></tr><tr><td colspan="2"><div class="stacktrace">org.testng.TestNGException: 
Method setUp requires 2 parameters but 1 were supplied in the BeforeMethod annotation.
	at java.util.ArrayList.forEach(ArrayList.java:1259)
... Removed 28 stack frames</div></td></tr></table><p class="totop"><a href="#summary">back to summary</a></p>
<h3 id="m88">org.slk.test.LoginTest#validCredintailsTest1</h3><table class="result"><tr class="param"><th>Parameter #1</th><th>Parameter #2</th></tr><tr class="param stripe"><td>receptionist</td><td>receptionist</td></tr><tr><th colspan="2">Exception</th></tr><tr><td colspan="2"><div class="stacktrace">org.testng.TestNGException: 
Method setUp requires 2 parameters but 1 were supplied in the BeforeMethod annotation.
	at java.util.ArrayList.forEach(ArrayList.java:1259)
... Removed 28 stack frames</div></td></tr></table><p class="totop"><a href="#summary">back to summary</a></p>
<h3 id="m89">org.slk.test.LoginTest#validCredintailsTest1</h3><table class="result"><tr class="param"><th>Parameter #1</th><th>Parameter #2</th></tr><tr class="param stripe"><td>physician</td><td>physician</td></tr><tr><th colspan="2">Exception</th></tr><tr><td colspan="2"><div class="stacktrace">org.testng.TestNGException: 
Method setUp requires 2 parameters but 1 were supplied in the BeforeMethod annotation.
	at java.util.ArrayList.forEach(ArrayList.java:1259)
... Removed 28 stack frames</div></td></tr></table><p class="totop"><a href="#summary">back to summary</a></p>
<h2> Login Test ff</h2><h3 id="m90">org.slk.test.LoginTest#setUp</h3><table class="result"><tr><th>Exception</th></tr><tr><td><div class="stacktrace">org.testng.TestNGException: 
Method setUp requires 2 parameters but 1 were supplied in the BeforeMethod annotation.
	at java.util.ArrayList.forEach(ArrayList.java:1259)
... Removed 28 stack frames</div></td></tr></table><p class="totop"><a href="#summary">back to summary</a></p>
<h3 id="m91">org.slk.test.LoginTest#setUp</h3><table class="result"><tr><th class="invisible"/></tr></table><p class="totop"><a href="#summary">back to summary</a></p>
<h3 id="m92">org.slk.test.LoginTest#setUp</h3><table class="result"><tr><th class="invisible"/></tr></table><p class="totop"><a href="#summary">back to summary</a></p>
<h3 id="m93">org.slk.test.LoginTest#setUp</h3><table class="result"><tr><th class="invisible"/></tr></table><p class="totop"><a href="#summary">back to summary</a></p>
<h3 id="m94">org.slk.test.LoginTest#setUp</h3><table class="result"><tr><th class="invisible"/></tr></table><p class="totop"><a href="#summary">back to summary</a></p>
<h3 id="m95">org.slk.test.LoginTest#setUp</h3><table class="result"><tr><th class="invisible"/></tr></table><p class="totop"><a href="#summary">back to summary</a></p>
<h3 id="m96">org.slk.test.LoginTest#setUp</h3><table class="result"><tr><th class="invisible"/></tr></table><p class="totop"><a href="#summary">back to summary</a></p>
<h3 id="m97">org.slk.test.LoginTest#setUp</h3><table class="result"><tr><th class="invisible"/></tr></table><p class="totop"><a href="#summary">back to summary</a></p>
<h3 id="m98">org.slk.test.LoginTest#setUp</h3><table class="result"><tr><th class="invisible"/></tr></table><p class="totop"><a href="#summary">back to summary</a></p>
<h3 id="m99">org.slk.test.LoginTest#setUp</h3><table class="result"><tr><th class="invisible"/></tr></table><p class="totop"><a href="#summary">back to summary</a></p>
<h3 id="m100">org.slk.test.LoginTest#setUp</h3><table class="result"><tr><th class="invisible"/></tr></table><p class="totop"><a href="#summary">back to summary</a></p>
<h3 id="m101">org.slk.test.LoginTest#setUp</h3><table class="result"><tr><th class="invisible"/></tr></table><p class="totop"><a href="#summary">back to summary</a></p>
<h3 id="m102">org.slk.test.LoginTest#setUp</h3><table class="result"><tr><th class="invisible"/></tr></table><p class="totop"><a href="#summary">back to summary</a></p>
<h3 id="m103">org.slk.test.LoginTest#setUp</h3><table class="result"><tr><th class="invisible"/></tr></table><p class="totop"><a href="#summary">back to summary</a></p>
<h3 id="m104">org.slk.test.LoginTest#setUp</h3><table class="result"><tr><th class="invisible"/></tr></table><p class="totop"><a href="#summary">back to summary</a></p>
<h3 id="m105">org.slk.test.LoginTest#tearDown</h3><table class="result"><tr><th class="invisible"/></tr></table><p class="totop"><a href="#summary">back to summary</a></p>
<h3 id="m106">org.slk.test.LoginTest#tearDown</h3><table class="result"><tr><th class="invisible"/></tr></table><p class="totop"><a href="#summary">back to summary</a></p>
<h3 id="m107">org.slk.test.LoginTest#tearDown</h3><table class="result"><tr><th class="invisible"/></tr></table><p class="totop"><a href="#summary">back to summary</a></p>
<h3 id="m108">org.slk.test.LoginTest#tearDown</h3><table class="result"><tr><th class="invisible"/></tr></table><p class="totop"><a href="#summary">back to summary</a></p>
<h3 id="m109">org.slk.test.LoginTest#tearDown</h3><table class="result"><tr><th class="invisible"/></tr></table><p class="totop"><a href="#summary">back to summary</a></p>
<h3 id="m110">org.slk.test.LoginTest#tearDown</h3><table class="result"><tr><th class="invisible"/></tr></table><p class="totop"><a href="#summary">back to summary</a></p>
<h3 id="m111">org.slk.test.LoginTest#tearDown</h3><table class="result"><tr><th class="invisible"/></tr></table><p class="totop"><a href="#summary">back to summary</a></p>
<h3 id="m112">org.slk.test.LoginTest#tearDown</h3><table class="result"><tr><th class="invisible"/></tr></table><p class="totop"><a href="#summary">back to summary</a></p>
<h3 id="m113">org.slk.test.LoginTest#tearDown</h3><table class="result"><tr><th class="invisible"/></tr></table><p class="totop"><a href="#summary">back to summary</a></p>
<h3 id="m114">org.slk.test.LoginTest#tearDown</h3><table class="result"><tr><th class="invisible"/></tr></table><p class="totop"><a href="#summary">back to summary</a></p>
<h3 id="m115">org.slk.test.LoginTest#tearDown</h3><table class="result"><tr><th class="invisible"/></tr></table><p class="totop"><a href="#summary">back to summary</a></p>
<h3 id="m116">org.slk.test.LoginTest#tearDown</h3><table class="result"><tr><th class="invisible"/></tr></table><p class="totop"><a href="#summary">back to summary</a></p>
<h3 id="m117">org.slk.test.LoginTest#tearDown</h3><table class="result"><tr><th class="invisible"/></tr></table><p class="totop"><a href="#summary">back to summary</a></p>
<h3 id="m118">org.slk.test.LoginTest#tearDown</h3><table class="result"><tr><th class="invisible"/></tr></table><p class="totop"><a href="#summary">back to summary</a></p>
<h3 id="m119">org.slk.test.LoginTest#tearDown</h3><table class="result"><tr><th class="invisible"/></tr></table><p class="totop"><a href="#summary">back to summary</a></p>
<h3 id="m120">org.slk.test.LoginTest#invalidCredintailsTest</h3><table class="result"><tr class="param"><th>Parameter #1</th><th>Parameter #2</th><th>Parameter #3</th><th>Parameter #4</th></tr><tr class="param stripe"><td>selenium</td><td>hai123</td><td>Default - English (Standard)</td><td>Invalid username or password</td></tr><tr><th colspan="4">Exception</th></tr><tr><td colspan="4"><div class="stacktrace">org.testng.TestNGException: 
Method setUp requires 2 parameters but 1 were supplied in the BeforeMethod annotation.
	at java.util.ArrayList.forEach(ArrayList.java:1259)
... Removed 28 stack frames</div></td></tr></table><p class="totop"><a href="#summary">back to summary</a></p>
<h3 id="m121">org.slk.test.LoginTest#invalidCredintailsTest</h3><table class="result"><tr class="param"><th>Parameter #1</th><th>Parameter #2</th><th>Parameter #3</th><th>Parameter #4</th></tr><tr class="param stripe"><td>admin</td><td>pass123</td><td>Default - English (Standard)</td><td>Invalid username or password</td></tr><tr><th colspan="4">Exception</th></tr><tr><td colspan="4"><div class="stacktrace">org.testng.TestNGException: 
Method setUp requires 2 parameters but 1 were supplied in the BeforeMethod annotation.
	at java.util.ArrayList.forEach(ArrayList.java:1259)
... Removed 28 stack frames</div></td></tr></table><p class="totop"><a href="#summary">back to summary</a></p>
<h3 id="m122">org.slk.test.LoginTest#invalidCredintailsTest</h3><table class="result"><tr class="param"><th>Parameter #1</th><th>Parameter #2</th><th>Parameter #3</th><th>Parameter #4</th></tr><tr class="param stripe"><td>jon</td><td>pass123</td><td>Default - English (Standard)</td><td>Invalid username or password</td></tr><tr><th colspan="4">Exception</th></tr><tr><td colspan="4"><div class="stacktrace">org.testng.TestNGException: 
Method setUp requires 2 parameters but 1 were supplied in the BeforeMethod annotation.
	at java.util.ArrayList.forEach(ArrayList.java:1259)
... Removed 28 stack frames</div></td></tr></table><p class="totop"><a href="#summary">back to summary</a></p>
<h3 id="m123">org.slk.test.LoginTest#invalidCredintailsTest</h3><table class="result"><tr class="param"><th>Parameter #1</th><th>Parameter #2</th><th>Parameter #3</th><th>Parameter #4</th></tr><tr class="param stripe"><td>david</td><td>hello1</td><td>Default - English (Standard)</td><td>Invalid username or password</td></tr><tr><th colspan="4">Exception</th></tr><tr><td colspan="4"><div class="stacktrace">org.testng.TestNGException: 
Method setUp requires 2 parameters but 1 were supplied in the BeforeMethod annotation.
	at java.util.ArrayList.forEach(ArrayList.java:1259)
... Removed 28 stack frames</div></td></tr></table><p class="totop"><a href="#summary">back to summary</a></p>
<h3 id="m124">org.slk.test.LoginTest#invalidCredintailsTest</h3><table class="result"><tr class="param"><th>Parameter #1</th><th>Parameter #2</th><th>Parameter #3</th><th>Parameter #4</th></tr><tr class="param stripe"><td>testq</td><td>hai123</td><td>Default - English (Standard)</td><td>Invalid username or password</td></tr><tr><th colspan="4">Exception</th></tr><tr><td colspan="4"><div class="stacktrace">org.testng.TestNGException: 
Method setUp requires 2 parameters but 1 were supplied in the BeforeMethod annotation.
	at java.util.ArrayList.forEach(ArrayList.java:1259)
... Removed 28 stack frames</div></td></tr></table><p class="totop"><a href="#summary">back to summary</a></p>
<h3 id="m125">org.slk.test.LoginTest#validCredintailsTest</h3><table class="result"><tr class="param"><th>Parameter #1</th><th>Parameter #2</th><th>Parameter #3</th><th>Parameter #4</th></tr><tr class="param stripe"><td>admin</td><td>pass</td><td>Default - English (Standard)</td><td>OpenEMR</td></tr><tr><th colspan="4">Exception</th></tr><tr><td colspan="4"><div class="stacktrace">org.testng.TestNGException: 
Method setUp requires 2 parameters but 1 were supplied in the BeforeMethod annotation.
	at java.util.ArrayList.forEach(ArrayList.java:1259)
... Removed 28 stack frames</div></td></tr></table><p class="totop"><a href="#summary">back to summary</a></p>
<h3 id="m126">org.slk.test.LoginTest#validCredintailsTest</h3><table class="result"><tr class="param"><th>Parameter #1</th><th>Parameter #2</th><th>Parameter #3</th><th>Parameter #4</th></tr><tr class="param stripe"><td>accountant</td><td>accountant</td><td>Default - English (Standard)</td><td>OpenEMR</td></tr><tr><th colspan="4">Exception</th></tr><tr><td colspan="4"><div class="stacktrace">org.testng.TestNGException: 
Method setUp requires 2 parameters but 1 were supplied in the BeforeMethod annotation.
	at java.util.ArrayList.forEach(ArrayList.java:1259)
... Removed 28 stack frames</div></td></tr></table><p class="totop"><a href="#summary">back to summary</a></p>
<h3 id="m127">org.slk.test.LoginTest#validCredintailsTest</h3><table class="result"><tr class="param"><th>Parameter #1</th><th>Parameter #2</th><th>Parameter #3</th><th>Parameter #4</th></tr><tr class="param stripe"><td>physician</td><td>physician</td><td>Default - English (Standard)</td><td>OpenEMR</td></tr><tr><th colspan="4">Exception</th></tr><tr><td colspan="4"><div class="stacktrace">org.testng.TestNGException: 
Method setUp requires 2 parameters but 1 were supplied in the BeforeMethod annotation.
	at java.util.ArrayList.forEach(ArrayList.java:1259)
... Removed 28 stack frames</div></td></tr></table><p class="totop"><a href="#summary">back to summary</a></p>
<h3 id="m128">org.slk.test.LoginTest#validCredintailsTest</h3><table class="result"><tr class="param"><th>Parameter #1</th><th>Parameter #2</th><th>Parameter #3</th><th>Parameter #4</th></tr><tr class="param stripe"><td>receptionist</td><td>receptionist</td><td>Default - English (Standard)</td><td>OpenEMR</td></tr><tr><th colspan="4">Exception</th></tr><tr><td colspan="4"><div class="stacktrace">org.testng.TestNGException: 
Method setUp requires 2 parameters but 1 were supplied in the BeforeMethod annotation.
	at java.util.ArrayList.forEach(ArrayList.java:1259)
... Removed 28 stack frames</div></td></tr></table><p class="totop"><a href="#summary">back to summary</a></p>
<h3 id="m129">org.slk.test.LoginTest#validCredintailsTest</h3><table class="result"><tr class="param"><th>Parameter #1</th><th>Parameter #2</th><th>Parameter #3</th><th>Parameter #4</th></tr><tr class="param stripe"><td>clinician</td><td>clinician</td><td>Default - English (Standard)</td><td>OpenEMR</td></tr><tr><th colspan="4">Exception</th></tr><tr><td colspan="4"><div class="stacktrace">org.testng.TestNGException: 
Method setUp requires 2 parameters but 1 were supplied in the BeforeMethod annotation.
	at java.util.ArrayList.forEach(ArrayList.java:1259)
... Removed 28 stack frames</div></td></tr></table><p class="totop"><a href="#summary">back to summary</a></p>
<h3 id="m130">org.slk.test.LoginTest#validCredintailsTest1</h3><table class="result"><tr class="param"><th>Parameter #1</th><th>Parameter #2</th></tr><tr class="param stripe"><td>admin</td><td>pass</td></tr><tr><th colspan="2">Exception</th></tr><tr><td colspan="2"><div class="stacktrace">org.testng.TestNGException: 
Method setUp requires 2 parameters but 1 were supplied in the BeforeMethod annotation.
	at java.util.ArrayList.forEach(ArrayList.java:1259)
... Removed 28 stack frames</div></td></tr></table><p class="totop"><a href="#summary">back to summary</a></p>
<h3 id="m131">org.slk.test.LoginTest#validCredintailsTest1</h3><table class="result"><tr class="param"><th>Parameter #1</th><th>Parameter #2</th></tr><tr class="param stripe"><td>accountant</td><td>accountant</td></tr><tr><th colspan="2">Exception</th></tr><tr><td colspan="2"><div class="stacktrace">org.testng.TestNGException: 
Method setUp requires 2 parameters but 1 were supplied in the BeforeMethod annotation.
	at java.util.ArrayList.forEach(ArrayList.java:1259)
... Removed 28 stack frames</div></td></tr></table><p class="totop"><a href="#summary">back to summary</a></p>
<h3 id="m132">org.slk.test.LoginTest#validCredintailsTest1</h3><table class="result"><tr class="param"><th>Parameter #1</th><th>Parameter #2</th></tr><tr class="param stripe"><td>physician</td><td>physician</td></tr><tr><th colspan="2">Exception</th></tr><tr><td colspan="2"><div class="stacktrace">org.testng.TestNGException: 
Method setUp requires 2 parameters but 1 were supplied in the BeforeMethod annotation.
	at java.util.ArrayList.forEach(ArrayList.java:1259)
... Removed 28 stack frames</div></td></tr></table><p class="totop"><a href="#summary">back to summary</a></p>
<h3 id="m133">org.slk.test.LoginTest#validCredintailsTest1</h3><table class="result"><tr class="param"><th>Parameter #1</th><th>Parameter #2</th></tr><tr class="param stripe"><td>clinician</td><td>clinician</td></tr><tr><th colspan="2">Exception</th></tr><tr><td colspan="2"><div class="stacktrace">org.testng.TestNGException: 
Method setUp requires 2 parameters but 1 were supplied in the BeforeMethod annotation.
	at java.util.ArrayList.forEach(ArrayList.java:1259)
... Removed 28 stack frames</div></td></tr></table><p class="totop"><a href="#summary">back to summary</a></p>
<h3 id="m134">org.slk.test.LoginTest#validCredintailsTest1</h3><table class="result"><tr class="param"><th>Parameter #1</th><th>Parameter #2</th></tr><tr class="param stripe"><td>receptionist</td><td>receptionist</td></tr><tr><th colspan="2">Exception</th></tr><tr><td colspan="2"><div class="stacktrace">org.testng.TestNGException: 
Method setUp requires 2 parameters but 1 were supplied in the BeforeMethod annotation.
	at java.util.ArrayList.forEach(ArrayList.java:1259)
... Removed 28 stack frames</div></td></tr></table><p class="totop"><a href="#summary">back to summary</a></p>
>>>>>>> 403cece8f6cf6fad3693e04413cc8673f76eeb00
</body>
</html>
