<!DOCTYPE html>

<html>
  <head>
  <meta charset='utf-8'>
  <title>TestNG reports</title>

    <link type="text/css" href="testng-reports1.css" rel="stylesheet" id="ultra" />
    <link type="text/css" href="testng-reports.css" rel="stylesheet" id="retro" disabled="false"/>
    <script type="text/javascript" src="jquery-3.4.1.min.js"></script>
    <script type="text/javascript" src="testng-reports.js"></script>
    <script type="text/javascript" src="https://www.google.com/jsapi"></script>
    <script type='text/javascript'>
      google.load('visualization', '1', {packages:['table']});
      google.setOnLoadCallback(drawTable);
      var suiteTableInitFunctions = new Array();
      var suiteTableData = new Array();
    </script>
    <!--
      <script type="text/javascript" src="jquery-ui/js/jquery-ui-1.8.16.custom.min.js"></script>
     -->
  </head>

  <body>
    <div class="top-banner-root">
      <span class="top-banner-title-font">Test results</span>
      <button class="button" id="button">Switch Retro Theme</button> <!-- button -->
      <br/>
      <span class="top-banner-font-1">1 suite</span>
    </div> <!-- top-banner-root -->
    <div class="navigator-root">
      <div class="navigator-suite-header">
        <span>All suites</span>
        <a href="#" class="collapse-all-link" title="Collapse/expand all the suites">
          <img class="collapse-all-icon" src="collapseall.gif">
          </img> <!-- collapse-all-icon -->
        </a> <!-- collapse-all-link -->
      </div> <!-- navigator-suite-header -->
      <div class="suite">
        <div class="rounded-window">
          <div class="suite-header light-rounded-window-top">
            <a href="#" class="navigator-link" panel-name="suite-Suite2">
              <span class="suite-name border-skipped">Suite2</span>
            </a> <!-- navigator-link -->
          </div> <!-- suite-header light-rounded-window-top -->
          <div class="navigator-suite-content">
            <div class="suite-section-title">
              <span>Info</span>
            </div> <!-- suite-section-title -->
            <div class="suite-section-content">
              <ul>
                <li>
                  <a href="#" class="navigator-link " panel-name="test-xml-Suite2">
                    <span>C:\Jaggu WorkSpace\OpenEmrDemo2\testng2n.xml</span>
                  </a> <!-- navigator-link  -->
                </li>
                <li>
                  <a href="#" class="navigator-link " panel-name="testlist-Suite2">
                    <span class="test-stats">3 tests</span>
                  </a> <!-- navigator-link  -->
                </li>
                <li>
                  <a href="#" class="navigator-link " panel-name="group-Suite2">
                    <span>0 groups</span>
                  </a> <!-- navigator-link  -->
                </li>
                <li>
                  <a href="#" class="navigator-link " panel-name="times-Suite2">
                    <span>Times</span>
                  </a> <!-- navigator-link  -->
                </li>
                <li>
                  <a href="#" class="navigator-link " panel-name="reporter-Suite2">
                    <span>Reporter output</span>
                  </a> <!-- navigator-link  -->
                </li>
                <li>
                  <a href="#" class="navigator-link " panel-name="ignored-methods-Suite2">
                    <span>Ignored methods</span>
                  </a> <!-- navigator-link  -->
                </li>
                <li>
                  <a href="#" class="navigator-link " panel-name="chronological-Suite2">
                    <span>Chronological view</span>
                  </a> <!-- navigator-link  -->
                </li>
              </ul>
            </div> <!-- suite-section-content -->
            <div class="result-section">
              <div class="suite-section-title">
                <span>Results</span>
              </div> <!-- suite-section-title -->
              <div class="suite-section-content">
                <ul>
                  <li>
                    <span class="method-stats">45 methods,  45 skipped,  </span>
                  </li>
                  <li>
                    <span class="method-list-title skipped">Skipped methods</span>
                    <span class="show-or-hide-methods skipped">
                      <a href="#" panel-name="suite-Suite2" class="hide-methods skipped suite-Suite2"> (hide)</a> <!-- hide-methods skipped suite-Suite2 -->
                      <a href="#" panel-name="suite-Suite2" class="show-methods skipped suite-Suite2"> (show)</a> <!-- show-methods skipped suite-Suite2 -->
                    </span>
                    <div class="method-list-content skipped suite-Suite2">
                      <span>
                        <img width="3%" src="skipped.png"/>
                        <a href="#" class="method navigator-link" panel-name="suite-Suite2" title="org.slk.test.LoginTest" hash-for-method="invalidCredintailsTest(testq, hai123, Default - English (Standard), Invalid username or password)">invalidCredintailsTest(testq, hai123, Default - English (Standard), Invalid username or password)</a> <!-- method navigator-link -->
                      </span>
                      <br/>
                      <span>
                        <img width="3%" src="skipped.png"/>
                        <a href="#" class="method navigator-link" panel-name="suite-Suite2" title="org.slk.test.LoginTest" hash-for-method="invalidCredintailsTest(selenium, hai123, Default - English (Standard), Invalid username or password)">invalidCredintailsTest(selenium, hai123, Default - English (Standard), Invalid username or password)</a> <!-- method navigator-link -->
                      </span>
                      <br/>
                      <span>
                        <img width="3%" src="skipped.png"/>
                        <a href="#" class="method navigator-link" panel-name="suite-Suite2" title="org.slk.test.LoginTest" hash-for-method="invalidCredintailsTest(jon, pass123, Default - English (Standard), Invalid username or password)">invalidCredintailsTest(jon, pass123, Default - English (Standard), Invalid username or password)</a> <!-- method navigator-link -->
                      </span>
                      <br/>
                      <span>
                        <img width="3%" src="skipped.png"/>
                        <a href="#" class="method navigator-link" panel-name="suite-Suite2" title="org.slk.test.LoginTest" hash-for-method="invalidCredintailsTest(david, hello1, Default - English (Standard), Invalid username or password)">invalidCredintailsTest(david, hello1, Default - English (Standard), Invalid username or password)</a> <!-- method navigator-link -->
                      </span>
                      <br/>
                      <span>
                        <img width="3%" src="skipped.png"/>
                        <a href="#" class="method navigator-link" panel-name="suite-Suite2" title="org.slk.test.LoginTest" hash-for-method="invalidCredintailsTest(admin, pass123, Default - English (Standard), Invalid username or password)">invalidCredintailsTest(admin, pass123, Default - English (Standard), Invalid username or password)</a> <!-- method navigator-link -->
                      </span>
                      <br/>
                      <span>
                        <img width="3%" src="skipped.png"/>
                        <a href="#" class="method navigator-link" panel-name="suite-Suite2" title="org.slk.test.LoginTest" hash-for-method="invalidCredintailsTest(admin, pass123, Default - English (Standard), Invalid username or password)">invalidCredintailsTest(admin, pass123, Default - English (Standard), Invalid username or password)</a> <!-- method navigator-link -->
                      </span>
                      <br/>
                      <span>
                        <img width="3%" src="skipped.png"/>
                        <a href="#" class="method navigator-link" panel-name="suite-Suite2" title="org.slk.test.LoginTest" hash-for-method="invalidCredintailsTest(david, hello1, Default - English (Standard), Invalid username or password)">invalidCredintailsTest(david, hello1, Default - English (Standard), Invalid username or password)</a> <!-- method navigator-link -->
                      </span>
                      <br/>
                      <span>
                        <img width="3%" src="skipped.png"/>
                        <a href="#" class="method navigator-link" panel-name="suite-Suite2" title="org.slk.test.LoginTest" hash-for-method="invalidCredintailsTest(selenium, hai123, Default - English (Standard), Invalid username or password)">invalidCredintailsTest(selenium, hai123, Default - English (Standard), Invalid username or password)</a> <!-- method navigator-link -->
                      </span>
                      <br/>
                      <span>
                        <img width="3%" src="skipped.png"/>
                        <a href="#" class="method navigator-link" panel-name="suite-Suite2" title="org.slk.test.LoginTest" hash-for-method="invalidCredintailsTest(jon, pass123, Default - English (Standard), Invalid username or password)">invalidCredintailsTest(jon, pass123, Default - English (Standard), Invalid username or password)</a> <!-- method navigator-link -->
                      </span>
                      <br/>
                      <span>
                        <img width="3%" src="skipped.png"/>
                        <a href="#" class="method navigator-link" panel-name="suite-Suite2" title="org.slk.test.LoginTest" hash-for-method="invalidCredintailsTest(testq, hai123, Default - English (Standard), Invalid username or password)">invalidCredintailsTest(testq, hai123, Default - English (Standard), Invalid username or password)</a> <!-- method navigator-link -->
                      </span>
                      <br/>
                      <span>
                        <img width="3%" src="skipped.png"/>
                        <a href="#" class="method navigator-link" panel-name="suite-Suite2" title="org.slk.test.LoginTest" hash-for-method="invalidCredintailsTest(selenium, hai123, Default - English (Standard), Invalid username or password)">invalidCredintailsTest(selenium, hai123, Default - English (Standard), Invalid username or password)</a> <!-- method navigator-link -->
                      </span>
                      <br/>
                      <span>
                        <img width="3%" src="skipped.png"/>
                        <a href="#" class="method navigator-link" panel-name="suite-Suite2" title="org.slk.test.LoginTest" hash-for-method="invalidCredintailsTest(admin, pass123, Default - English (Standard), Invalid username or password)">invalidCredintailsTest(admin, pass123, Default - English (Standard), Invalid username or password)</a> <!-- method navigator-link -->
                      </span>
                      <br/>
                      <span>
                        <img width="3%" src="skipped.png"/>
                        <a href="#" class="method navigator-link" panel-name="suite-Suite2" title="org.slk.test.LoginTest" hash-for-method="invalidCredintailsTest(jon, pass123, Default - English (Standard), Invalid username or password)">invalidCredintailsTest(jon, pass123, Default - English (Standard), Invalid username or password)</a> <!-- method navigator-link -->
                      </span>
                      <br/>
                      <span>
                        <img width="3%" src="skipped.png"/>
                        <a href="#" class="method navigator-link" panel-name="suite-Suite2" title="org.slk.test.LoginTest" hash-for-method="invalidCredintailsTest(david, hello1, Default - English (Standard), Invalid username or password)">invalidCredintailsTest(david, hello1, Default - English (Standard), Invalid username or password)</a> <!-- method navigator-link -->
                      </span>
                      <br/>
                      <span>
                        <img width="3%" src="skipped.png"/>
                        <a href="#" class="method navigator-link" panel-name="suite-Suite2" title="org.slk.test.LoginTest" hash-for-method="invalidCredintailsTest(testq, hai123, Default - English (Standard), Invalid username or password)">invalidCredintailsTest(testq, hai123, Default - English (Standard), Invalid username or password)</a> <!-- method navigator-link -->
                      </span>
                      <br/>
                      <span>
                        <img width="3%" src="skipped.png"/>
                        <a href="#" class="method navigator-link" panel-name="suite-Suite2" title="org.slk.test.LoginTest" hash-for-method="validCredintailsTest(accountant, accountant, Default - English (Standard), OpenEMR)">validCredintailsTest(accountant, accountant, Default - English (Standard), OpenEMR)</a> <!-- method navigator-link -->
                      </span>
                      <br/>
                      <span>
                        <img width="3%" src="skipped.png"/>
                        <a href="#" class="method navigator-link" panel-name="suite-Suite2" title="org.slk.test.LoginTest" hash-for-method="validCredintailsTest(physician, physician, Default - English (Standard), OpenEMR)">validCredintailsTest(physician, physician, Default - English (Standard), OpenEMR)</a> <!-- method navigator-link -->
                      </span>
                      <br/>
                      <span>
                        <img width="3%" src="skipped.png"/>
                        <a href="#" class="method navigator-link" panel-name="suite-Suite2" title="org.slk.test.LoginTest" hash-for-method="validCredintailsTest(receptionist, receptionist, Default - English (Standard), OpenEMR)">validCredintailsTest(receptionist, receptionist, Default - English (Standard), OpenEMR)</a> <!-- method navigator-link -->
                      </span>
                      <br/>
                      <span>
                        <img width="3%" src="skipped.png"/>
                        <a href="#" class="method navigator-link" panel-name="suite-Suite2" title="org.slk.test.LoginTest" hash-for-method="validCredintailsTest(admin, pass, Default - English (Standard), OpenEMR)">validCredintailsTest(admin, pass, Default - English (Standard), OpenEMR)</a> <!-- method navigator-link -->
                      </span>
                      <br/>
                      <span>
                        <img width="3%" src="skipped.png"/>
                        <a href="#" class="method navigator-link" panel-name="suite-Suite2" title="org.slk.test.LoginTest" hash-for-method="validCredintailsTest(clinician, clinician, Default - English (Standard), OpenEMR)">validCredintailsTest(clinician, clinician, Default - English (Standard), OpenEMR)</a> <!-- method navigator-link -->
                      </span>
                      <br/>
                      <span>
                        <img width="3%" src="skipped.png"/>
                        <a href="#" class="method navigator-link" panel-name="suite-Suite2" title="org.slk.test.LoginTest" hash-for-method="validCredintailsTest(admin, pass, Default - English (Standard), OpenEMR)">validCredintailsTest(admin, pass, Default - English (Standard), OpenEMR)</a> <!-- method navigator-link -->
                      </span>
                      <br/>
                      <span>
                        <img width="3%" src="skipped.png"/>
                        <a href="#" class="method navigator-link" panel-name="suite-Suite2" title="org.slk.test.LoginTest" hash-for-method="validCredintailsTest(physician, physician, Default - English (Standard), OpenEMR)">validCredintailsTest(physician, physician, Default - English (Standard), OpenEMR)</a> <!-- method navigator-link -->
                      </span>
                      <br/>
                      <span>
                        <img width="3%" src="skipped.png"/>
                        <a href="#" class="method navigator-link" panel-name="suite-Suite2" title="org.slk.test.LoginTest" hash-for-method="validCredintailsTest(accountant, accountant, Default - English (Standard), OpenEMR)">validCredintailsTest(accountant, accountant, Default - English (Standard), OpenEMR)</a> <!-- method navigator-link -->
                      </span>
                      <br/>
                      <span>
                        <img width="3%" src="skipped.png"/>
                        <a href="#" class="method navigator-link" panel-name="suite-Suite2" title="org.slk.test.LoginTest" hash-for-method="validCredintailsTest(receptionist, receptionist, Default - English (Standard), OpenEMR)">validCredintailsTest(receptionist, receptionist, Default - English (Standard), OpenEMR)</a> <!-- method navigator-link -->
                      </span>
                      <br/>
                      <span>
                        <img width="3%" src="skipped.png"/>
                        <a href="#" class="method navigator-link" panel-name="suite-Suite2" title="org.slk.test.LoginTest" hash-for-method="validCredintailsTest(clinician, clinician, Default - English (Standard), OpenEMR)">validCredintailsTest(clinician, clinician, Default - English (Standard), OpenEMR)</a> <!-- method navigator-link -->
                      </span>
                      <br/>
                      <span>
                        <img width="3%" src="skipped.png"/>
                        <a href="#" class="method navigator-link" panel-name="suite-Suite2" title="org.slk.test.LoginTest" hash-for-method="validCredintailsTest(admin, pass, Default - English (Standard), OpenEMR)">validCredintailsTest(admin, pass, Default - English (Standard), OpenEMR)</a> <!-- method navigator-link -->
                      </span>
                      <br/>
                      <span>
                        <img width="3%" src="skipped.png"/>
                        <a href="#" class="method navigator-link" panel-name="suite-Suite2" title="org.slk.test.LoginTest" hash-for-method="validCredintailsTest(accountant, accountant, Default - English (Standard), OpenEMR)">validCredintailsTest(accountant, accountant, Default - English (Standard), OpenEMR)</a> <!-- method navigator-link -->
                      </span>
                      <br/>
                      <span>
                        <img width="3%" src="skipped.png"/>
                        <a href="#" class="method navigator-link" panel-name="suite-Suite2" title="org.slk.test.LoginTest" hash-for-method="validCredintailsTest(physician, physician, Default - English (Standard), OpenEMR)">validCredintailsTest(physician, physician, Default - English (Standard), OpenEMR)</a> <!-- method navigator-link -->
                      </span>
                      <br/>
                      <span>
                        <img width="3%" src="skipped.png"/>
                        <a href="#" class="method navigator-link" panel-name="suite-Suite2" title="org.slk.test.LoginTest" hash-for-method="validCredintailsTest(receptionist, receptionist, Default - English (Standard), OpenEMR)">validCredintailsTest(receptionist, receptionist, Default - English (Standard), OpenEMR)</a> <!-- method navigator-link -->
                      </span>
                      <br/>
                      <span>
                        <img width="3%" src="skipped.png"/>
                        <a href="#" class="method navigator-link" panel-name="suite-Suite2" title="org.slk.test.LoginTest" hash-for-method="validCredintailsTest(clinician, clinician, Default - English (Standard), OpenEMR)">validCredintailsTest(clinician, clinician, Default - English (Standard), OpenEMR)</a> <!-- method navigator-link -->
                      </span>
                      <br/>
                      <span>
                        <img width="3%" src="skipped.png"/>
                        <a href="#" class="method navigator-link" panel-name="suite-Suite2" title="org.slk.test.LoginTest" hash-for-method="validCredintailsTest1(physician, physician)">validCredintailsTest1(physician, physician)</a> <!-- method navigator-link -->
                      </span>
                      <br/>
                      <span>
                        <img width="3%" src="skipped.png"/>
                        <a href="#" class="method navigator-link" panel-name="suite-Suite2" title="org.slk.test.LoginTest" hash-for-method="validCredintailsTest1(clinician, clinician)">validCredintailsTest1(clinician, clinician)</a> <!-- method navigator-link -->
                      </span>
                      <br/>
                      <span>
                        <img width="3%" src="skipped.png"/>
                        <a href="#" class="method navigator-link" panel-name="suite-Suite2" title="org.slk.test.LoginTest" hash-for-method="validCredintailsTest1(accountant, accountant)">validCredintailsTest1(accountant, accountant)</a> <!-- method navigator-link -->
                      </span>
                      <br/>
                      <span>
                        <img width="3%" src="skipped.png"/>
                        <a href="#" class="method navigator-link" panel-name="suite-Suite2" title="org.slk.test.LoginTest" hash-for-method="validCredintailsTest1(admin, pass)">validCredintailsTest1(admin, pass)</a> <!-- method navigator-link -->
                      </span>
                      <br/>
                      <span>
                        <img width="3%" src="skipped.png"/>
                        <a href="#" class="method navigator-link" panel-name="suite-Suite2" title="org.slk.test.LoginTest" hash-for-method="validCredintailsTest1(receptionist, receptionist)">validCredintailsTest1(receptionist, receptionist)</a> <!-- method navigator-link -->
                      </span>
                      <br/>
                      <span>
                        <img width="3%" src="skipped.png"/>
                        <a href="#" class="method navigator-link" panel-name="suite-Suite2" title="org.slk.test.LoginTest" hash-for-method="validCredintailsTest1(admin, pass)">validCredintailsTest1(admin, pass)</a> <!-- method navigator-link -->
                      </span>
                      <br/>
                      <span>
                        <img width="3%" src="skipped.png"/>
                        <a href="#" class="method navigator-link" panel-name="suite-Suite2" title="org.slk.test.LoginTest" hash-for-method="validCredintailsTest1(clinician, clinician)">validCredintailsTest1(clinician, clinician)</a> <!-- method navigator-link -->
                      </span>
                      <br/>
                      <span>
                        <img width="3%" src="skipped.png"/>
                        <a href="#" class="method navigator-link" panel-name="suite-Suite2" title="org.slk.test.LoginTest" hash-for-method="validCredintailsTest1(accountant, accountant)">validCredintailsTest1(accountant, accountant)</a> <!-- method navigator-link -->
                      </span>
                      <br/>
                      <span>
                        <img width="3%" src="skipped.png"/>
                        <a href="#" class="method navigator-link" panel-name="suite-Suite2" title="org.slk.test.LoginTest" hash-for-method="validCredintailsTest1(receptionist, receptionist)">validCredintailsTest1(receptionist, receptionist)</a> <!-- method navigator-link -->
                      </span>
                      <br/>
                      <span>
                        <img width="3%" src="skipped.png"/>
                        <a href="#" class="method navigator-link" panel-name="suite-Suite2" title="org.slk.test.LoginTest" hash-for-method="validCredintailsTest1(physician, physician)">validCredintailsTest1(physician, physician)</a> <!-- method navigator-link -->
                      </span>
                      <br/>
                      <span>
                        <img width="3%" src="skipped.png"/>
                        <a href="#" class="method navigator-link" panel-name="suite-Suite2" title="org.slk.test.LoginTest" hash-for-method="validCredintailsTest1(admin, pass)">validCredintailsTest1(admin, pass)</a> <!-- method navigator-link -->
                      </span>
                      <br/>
                      <span>
                        <img width="3%" src="skipped.png"/>
                        <a href="#" class="method navigator-link" panel-name="suite-Suite2" title="org.slk.test.LoginTest" hash-for-method="validCredintailsTest1(accountant, accountant)">validCredintailsTest1(accountant, accountant)</a> <!-- method navigator-link -->
                      </span>
                      <br/>
                      <span>
                        <img width="3%" src="skipped.png"/>
                        <a href="#" class="method navigator-link" panel-name="suite-Suite2" title="org.slk.test.LoginTest" hash-for-method="validCredintailsTest1(physician, physician)">validCredintailsTest1(physician, physician)</a> <!-- method navigator-link -->
                      </span>
                      <br/>
                      <span>
                        <img width="3%" src="skipped.png"/>
                        <a href="#" class="method navigator-link" panel-name="suite-Suite2" title="org.slk.test.LoginTest" hash-for-method="validCredintailsTest1(clinician, clinician)">validCredintailsTest1(clinician, clinician)</a> <!-- method navigator-link -->
                      </span>
                      <br/>
                      <span>
                        <img width="3%" src="skipped.png"/>
                        <a href="#" class="method navigator-link" panel-name="suite-Suite2" title="org.slk.test.LoginTest" hash-for-method="validCredintailsTest1(receptionist, receptionist)">validCredintailsTest1(receptionist, receptionist)</a> <!-- method navigator-link -->
                      </span>
                      <br/>
                    </div> <!-- method-list-content skipped suite-Suite2 -->
                  </li>
                </ul>
              </div> <!-- suite-section-content -->
            </div> <!-- result-section -->
          </div> <!-- navigator-suite-content -->
        </div> <!-- rounded-window -->
      </div> <!-- suite -->
    </div> <!-- navigator-root -->
    <div class="wrapper">
      <div class="main-panel-root">
        <div panel-name="suite-Suite2" class="panel Suite2">
          <div class="suite-Suite2-class-skipped">
            <div class="main-panel-header rounded-window-top">
              <img src="skipped.png"/>
              <span class="class-name">org.slk.test.LoginTest</span>
            </div> <!-- main-panel-header rounded-window-top -->
            <div class="main-panel-content rounded-window-bottom">
              <div class="method">
                <div class="method-content">
                  <a name="invalidCredintailsTest(testq, hai123, Default - English (Standard), Invalid username or password)">
                  </a> <!-- invalidCredintailsTest(testq, hai123, Default - English (Standard), Invalid username or password) -->
                  <span class="method-name">invalidCredintailsTest</span>
                  <span class="parameters">(testq, hai123, Default - English (Standard), Invalid username or password)</span>
                  <div class="stack-trace">org.testng.TestNGException: 
Method setUp requires 2 parameters but 1 were supplied in the BeforeMethod annotation.
	at java.util.ArrayList.forEach(ArrayList.java:1259)
... Removed 28 stack frames
</div> <!-- stack-trace -->
                </div> <!-- method-content -->
              </div> <!-- method -->
              <div class="method">
                <div class="method-content">
                  <a name="invalidCredintailsTest(selenium, hai123, Default - English (Standard), Invalid username or password)">
                  </a> <!-- invalidCredintailsTest(selenium, hai123, Default - English (Standard), Invalid username or password) -->
                  <span class="method-name">invalidCredintailsTest</span>
                  <span class="parameters">(selenium, hai123, Default - English (Standard), Invalid username or password)</span>
                  <div class="stack-trace">org.testng.TestNGException: 
Method setUp requires 2 parameters but 1 were supplied in the BeforeMethod annotation.
	at java.util.ArrayList.forEach(ArrayList.java:1259)
... Removed 28 stack frames
</div> <!-- stack-trace -->
                </div> <!-- method-content -->
              </div> <!-- method -->
              <div class="method">
                <div class="method-content">
                  <a name="invalidCredintailsTest(jon, pass123, Default - English (Standard), Invalid username or password)">
                  </a> <!-- invalidCredintailsTest(jon, pass123, Default - English (Standard), Invalid username or password) -->
                  <span class="method-name">invalidCredintailsTest</span>
                  <span class="parameters">(jon, pass123, Default - English (Standard), Invalid username or password)</span>
                  <div class="stack-trace">org.testng.TestNGException: 
Method setUp requires 2 parameters but 1 were supplied in the BeforeMethod annotation.
	at java.util.ArrayList.forEach(ArrayList.java:1259)
... Removed 28 stack frames
</div> <!-- stack-trace -->
                </div> <!-- method-content -->
              </div> <!-- method -->
              <div class="method">
                <div class="method-content">
                  <a name="invalidCredintailsTest(david, hello1, Default - English (Standard), Invalid username or password)">
                  </a> <!-- invalidCredintailsTest(david, hello1, Default - English (Standard), Invalid username or password) -->
                  <span class="method-name">invalidCredintailsTest</span>
                  <span class="parameters">(david, hello1, Default - English (Standard), Invalid username or password)</span>
                  <div class="stack-trace">org.testng.TestNGException: 
Method setUp requires 2 parameters but 1 were supplied in the BeforeMethod annotation.
	at java.util.ArrayList.forEach(ArrayList.java:1259)
... Removed 28 stack frames
</div> <!-- stack-trace -->
                </div> <!-- method-content -->
              </div> <!-- method -->
              <div class="method">
                <div class="method-content">
                  <a name="invalidCredintailsTest(admin, pass123, Default - English (Standard), Invalid username or password)">
                  </a> <!-- invalidCredintailsTest(admin, pass123, Default - English (Standard), Invalid username or password) -->
                  <span class="method-name">invalidCredintailsTest</span>
                  <span class="parameters">(admin, pass123, Default - English (Standard), Invalid username or password)</span>
                  <div class="stack-trace">org.testng.TestNGException: 
Method setUp requires 2 parameters but 1 were supplied in the BeforeMethod annotation.
	at java.util.ArrayList.forEach(ArrayList.java:1259)
... Removed 28 stack frames
</div> <!-- stack-trace -->
                </div> <!-- method-content -->
              </div> <!-- method -->
              <div class="method">
                <div class="method-content">
                  <a name="invalidCredintailsTest(admin, pass123, Default - English (Standard), Invalid username or password)">
                  </a> <!-- invalidCredintailsTest(admin, pass123, Default - English (Standard), Invalid username or password) -->
                  <span class="method-name">invalidCredintailsTest</span>
                  <span class="parameters">(admin, pass123, Default - English (Standard), Invalid username or password)</span>
                  <div class="stack-trace">org.testng.TestNGException: 
Method setUp requires 2 parameters but 1 were supplied in the BeforeMethod annotation.
	at java.util.ArrayList.forEach(ArrayList.java:1259)
... Removed 28 stack frames
</div> <!-- stack-trace -->
                </div> <!-- method-content -->
              </div> <!-- method -->
              <div class="method">
                <div class="method-content">
                  <a name="invalidCredintailsTest(david, hello1, Default - English (Standard), Invalid username or password)">
                  </a> <!-- invalidCredintailsTest(david, hello1, Default - English (Standard), Invalid username or password) -->
                  <span class="method-name">invalidCredintailsTest</span>
                  <span class="parameters">(david, hello1, Default - English (Standard), Invalid username or password)</span>
                  <div class="stack-trace">org.testng.TestNGException: 
Method setUp requires 2 parameters but 1 were supplied in the BeforeMethod annotation.
	at java.util.ArrayList.forEach(ArrayList.java:1259)
... Removed 28 stack frames
</div> <!-- stack-trace -->
                </div> <!-- method-content -->
              </div> <!-- method -->
              <div class="method">
                <div class="method-content">
                  <a name="invalidCredintailsTest(selenium, hai123, Default - English (Standard), Invalid username or password)">
                  </a> <!-- invalidCredintailsTest(selenium, hai123, Default - English (Standard), Invalid username or password) -->
                  <span class="method-name">invalidCredintailsTest</span>
                  <span class="parameters">(selenium, hai123, Default - English (Standard), Invalid username or password)</span>
                  <div class="stack-trace">org.testng.TestNGException: 
Method setUp requires 2 parameters but 1 were supplied in the BeforeMethod annotation.
	at java.util.ArrayList.forEach(ArrayList.java:1259)
... Removed 28 stack frames
</div> <!-- stack-trace -->
                </div> <!-- method-content -->
              </div> <!-- method -->
              <div class="method">
                <div class="method-content">
                  <a name="invalidCredintailsTest(jon, pass123, Default - English (Standard), Invalid username or password)">
                  </a> <!-- invalidCredintailsTest(jon, pass123, Default - English (Standard), Invalid username or password) -->
                  <span class="method-name">invalidCredintailsTest</span>
                  <span class="parameters">(jon, pass123, Default - English (Standard), Invalid username or password)</span>
                  <div class="stack-trace">org.testng.TestNGException: 
Method setUp requires 2 parameters but 1 were supplied in the BeforeMethod annotation.
	at java.util.ArrayList.forEach(ArrayList.java:1259)
... Removed 28 stack frames
</div> <!-- stack-trace -->
                </div> <!-- method-content -->
              </div> <!-- method -->
              <div class="method">
                <div class="method-content">
                  <a name="invalidCredintailsTest(testq, hai123, Default - English (Standard), Invalid username or password)">
                  </a> <!-- invalidCredintailsTest(testq, hai123, Default - English (Standard), Invalid username or password) -->
                  <span class="method-name">invalidCredintailsTest</span>
                  <span class="parameters">(testq, hai123, Default - English (Standard), Invalid username or password)</span>
                  <div class="stack-trace">org.testng.TestNGException: 
Method setUp requires 2 parameters but 1 were supplied in the BeforeMethod annotation.
	at java.util.ArrayList.forEach(ArrayList.java:1259)
... Removed 28 stack frames
</div> <!-- stack-trace -->
                </div> <!-- method-content -->
              </div> <!-- method -->
              <div class="method">
                <div class="method-content">
                  <a name="invalidCredintailsTest(selenium, hai123, Default - English (Standard), Invalid username or password)">
                  </a> <!-- invalidCredintailsTest(selenium, hai123, Default - English (Standard), Invalid username or password) -->
                  <span class="method-name">invalidCredintailsTest</span>
                  <span class="parameters">(selenium, hai123, Default - English (Standard), Invalid username or password)</span>
                  <div class="stack-trace">org.testng.TestNGException: 
Method setUp requires 2 parameters but 1 were supplied in the BeforeMethod annotation.
	at java.util.ArrayList.forEach(ArrayList.java:1259)
... Removed 28 stack frames
</div> <!-- stack-trace -->
                </div> <!-- method-content -->
              </div> <!-- method -->
              <div class="method">
                <div class="method-content">
                  <a name="invalidCredintailsTest(admin, pass123, Default - English (Standard), Invalid username or password)">
                  </a> <!-- invalidCredintailsTest(admin, pass123, Default - English (Standard), Invalid username or password) -->
                  <span class="method-name">invalidCredintailsTest</span>
                  <span class="parameters">(admin, pass123, Default - English (Standard), Invalid username or password)</span>
                  <div class="stack-trace">org.testng.TestNGException: 
Method setUp requires 2 parameters but 1 were supplied in the BeforeMethod annotation.
	at java.util.ArrayList.forEach(ArrayList.java:1259)
... Removed 28 stack frames
</div> <!-- stack-trace -->
                </div> <!-- method-content -->
              </div> <!-- method -->
              <div class="method">
                <div class="method-content">
                  <a name="invalidCredintailsTest(jon, pass123, Default - English (Standard), Invalid username or password)">
                  </a> <!-- invalidCredintailsTest(jon, pass123, Default - English (Standard), Invalid username or password) -->
                  <span class="method-name">invalidCredintailsTest</span>
                  <span class="parameters">(jon, pass123, Default - English (Standard), Invalid username or password)</span>
                  <div class="stack-trace">org.testng.TestNGException: 
Method setUp requires 2 parameters but 1 were supplied in the BeforeMethod annotation.
	at java.util.ArrayList.forEach(ArrayList.java:1259)
... Removed 28 stack frames
</div> <!-- stack-trace -->
                </div> <!-- method-content -->
              </div> <!-- method -->
              <div class="method">
                <div class="method-content">
                  <a name="invalidCredintailsTest(david, hello1, Default - English (Standard), Invalid username or password)">
                  </a> <!-- invalidCredintailsTest(david, hello1, Default - English (Standard), Invalid username or password) -->
                  <span class="method-name">invalidCredintailsTest</span>
                  <span class="parameters">(david, hello1, Default - English (Standard), Invalid username or password)</span>
                  <div class="stack-trace">org.testng.TestNGException: 
Method setUp requires 2 parameters but 1 were supplied in the BeforeMethod annotation.
	at java.util.ArrayList.forEach(ArrayList.java:1259)
... Removed 28 stack frames
</div> <!-- stack-trace -->
                </div> <!-- method-content -->
              </div> <!-- method -->
              <div class="method">
                <div class="method-content">
                  <a name="invalidCredintailsTest(testq, hai123, Default - English (Standard), Invalid username or password)">
                  </a> <!-- invalidCredintailsTest(testq, hai123, Default - English (Standard), Invalid username or password) -->
                  <span class="method-name">invalidCredintailsTest</span>
                  <span class="parameters">(testq, hai123, Default - English (Standard), Invalid username or password)</span>
                  <div class="stack-trace">org.testng.TestNGException: 
Method setUp requires 2 parameters but 1 were supplied in the BeforeMethod annotation.
	at java.util.ArrayList.forEach(ArrayList.java:1259)
... Removed 28 stack frames
</div> <!-- stack-trace -->
                </div> <!-- method-content -->
              </div> <!-- method -->
              <div class="method">
                <div class="method-content">
                  <a name="validCredintailsTest(accountant, accountant, Default - English (Standard), OpenEMR)">
                  </a> <!-- validCredintailsTest(accountant, accountant, Default - English (Standard), OpenEMR) -->
                  <span class="method-name">validCredintailsTest</span>
                  <span class="parameters">(accountant, accountant, Default - English (Standard), OpenEMR)</span>
                  <div class="stack-trace">org.testng.TestNGException: 
Method setUp requires 2 parameters but 1 were supplied in the BeforeMethod annotation.
	at java.util.ArrayList.forEach(ArrayList.java:1259)
... Removed 28 stack frames
</div> <!-- stack-trace -->
                </div> <!-- method-content -->
              </div> <!-- method -->
              <div class="method">
                <div class="method-content">
                  <a name="validCredintailsTest(physician, physician, Default - English (Standard), OpenEMR)">
                  </a> <!-- validCredintailsTest(physician, physician, Default - English (Standard), OpenEMR) -->
                  <span class="method-name">validCredintailsTest</span>
                  <span class="parameters">(physician, physician, Default - English (Standard), OpenEMR)</span>
                  <div class="stack-trace">org.testng.TestNGException: 
Method setUp requires 2 parameters but 1 were supplied in the BeforeMethod annotation.
	at java.util.ArrayList.forEach(ArrayList.java:1259)
... Removed 28 stack frames
</div> <!-- stack-trace -->
                </div> <!-- method-content -->
              </div> <!-- method -->
              <div class="method">
                <div class="method-content">
                  <a name="validCredintailsTest(receptionist, receptionist, Default - English (Standard), OpenEMR)">
                  </a> <!-- validCredintailsTest(receptionist, receptionist, Default - English (Standard), OpenEMR) -->
                  <span class="method-name">validCredintailsTest</span>
                  <span class="parameters">(receptionist, receptionist, Default - English (Standard), OpenEMR)</span>
                  <div class="stack-trace">org.testng.TestNGException: 
Method setUp requires 2 parameters but 1 were supplied in the BeforeMethod annotation.
	at java.util.ArrayList.forEach(ArrayList.java:1259)
... Removed 28 stack frames
</div> <!-- stack-trace -->
                </div> <!-- method-content -->
              </div> <!-- method -->
              <div class="method">
                <div class="method-content">
                  <a name="validCredintailsTest(admin, pass, Default - English (Standard), OpenEMR)">
                  </a> <!-- validCredintailsTest(admin, pass, Default - English (Standard), OpenEMR) -->
                  <span class="method-name">validCredintailsTest</span>
                  <span class="parameters">(admin, pass, Default - English (Standard), OpenEMR)</span>
                  <div class="stack-trace">org.testng.TestNGException: 
Method setUp requires 2 parameters but 1 were supplied in the BeforeMethod annotation.
	at java.util.ArrayList.forEach(ArrayList.java:1259)
... Removed 28 stack frames
</div> <!-- stack-trace -->
                </div> <!-- method-content -->
              </div> <!-- method -->
              <div class="method">
                <div class="method-content">
                  <a name="validCredintailsTest(clinician, clinician, Default - English (Standard), OpenEMR)">
                  </a> <!-- validCredintailsTest(clinician, clinician, Default - English (Standard), OpenEMR) -->
                  <span class="method-name">validCredintailsTest</span>
                  <span class="parameters">(clinician, clinician, Default - English (Standard), OpenEMR)</span>
                  <div class="stack-trace">org.testng.TestNGException: 
Method setUp requires 2 parameters but 1 were supplied in the BeforeMethod annotation.
	at java.util.ArrayList.forEach(ArrayList.java:1259)
... Removed 28 stack frames
</div> <!-- stack-trace -->
                </div> <!-- method-content -->
              </div> <!-- method -->
              <div class="method">
                <div class="method-content">
                  <a name="validCredintailsTest(admin, pass, Default - English (Standard), OpenEMR)">
                  </a> <!-- validCredintailsTest(admin, pass, Default - English (Standard), OpenEMR) -->
                  <span class="method-name">validCredintailsTest</span>
                  <span class="parameters">(admin, pass, Default - English (Standard), OpenEMR)</span>
                  <div class="stack-trace">org.testng.TestNGException: 
Method setUp requires 2 parameters but 1 were supplied in the BeforeMethod annotation.
	at java.util.ArrayList.forEach(ArrayList.java:1259)
... Removed 28 stack frames
</div> <!-- stack-trace -->
                </div> <!-- method-content -->
              </div> <!-- method -->
              <div class="method">
                <div class="method-content">
                  <a name="validCredintailsTest(physician, physician, Default - English (Standard), OpenEMR)">
                  </a> <!-- validCredintailsTest(physician, physician, Default - English (Standard), OpenEMR) -->
                  <span class="method-name">validCredintailsTest</span>
                  <span class="parameters">(physician, physician, Default - English (Standard), OpenEMR)</span>
                  <div class="stack-trace">org.testng.TestNGException: 
Method setUp requires 2 parameters but 1 were supplied in the BeforeMethod annotation.
	at java.util.ArrayList.forEach(ArrayList.java:1259)
... Removed 28 stack frames
</div> <!-- stack-trace -->
                </div> <!-- method-content -->
              </div> <!-- method -->
              <div class="method">
                <div class="method-content">
                  <a name="validCredintailsTest(accountant, accountant, Default - English (Standard), OpenEMR)">
                  </a> <!-- validCredintailsTest(accountant, accountant, Default - English (Standard), OpenEMR) -->
                  <span class="method-name">validCredintailsTest</span>
                  <span class="parameters">(accountant, accountant, Default - English (Standard), OpenEMR)</span>
                  <div class="stack-trace">org.testng.TestNGException: 
Method setUp requires 2 parameters but 1 were supplied in the BeforeMethod annotation.
	at java.util.ArrayList.forEach(ArrayList.java:1259)
... Removed 28 stack frames
</div> <!-- stack-trace -->
                </div> <!-- method-content -->
              </div> <!-- method -->
              <div class="method">
                <div class="method-content">
                  <a name="validCredintailsTest(receptionist, receptionist, Default - English (Standard), OpenEMR)">
                  </a> <!-- validCredintailsTest(receptionist, receptionist, Default - English (Standard), OpenEMR) -->
                  <span class="method-name">validCredintailsTest</span>
                  <span class="parameters">(receptionist, receptionist, Default - English (Standard), OpenEMR)</span>
                  <div class="stack-trace">org.testng.TestNGException: 
Method setUp requires 2 parameters but 1 were supplied in the BeforeMethod annotation.
	at java.util.ArrayList.forEach(ArrayList.java:1259)
... Removed 28 stack frames
</div> <!-- stack-trace -->
                </div> <!-- method-content -->
              </div> <!-- method -->
              <div class="method">
                <div class="method-content">
                  <a name="validCredintailsTest(clinician, clinician, Default - English (Standard), OpenEMR)">
                  </a> <!-- validCredintailsTest(clinician, clinician, Default - English (Standard), OpenEMR) -->
                  <span class="method-name">validCredintailsTest</span>
                  <span class="parameters">(clinician, clinician, Default - English (Standard), OpenEMR)</span>
                  <div class="stack-trace">org.testng.TestNGException: 
Method setUp requires 2 parameters but 1 were supplied in the BeforeMethod annotation.
	at java.util.ArrayList.forEach(ArrayList.java:1259)
... Removed 28 stack frames
</div> <!-- stack-trace -->
                </div> <!-- method-content -->
              </div> <!-- method -->
              <div class="method">
                <div class="method-content">
                  <a name="validCredintailsTest(admin, pass, Default - English (Standard), OpenEMR)">
                  </a> <!-- validCredintailsTest(admin, pass, Default - English (Standard), OpenEMR) -->
                  <span class="method-name">validCredintailsTest</span>
                  <span class="parameters">(admin, pass, Default - English (Standard), OpenEMR)</span>
                  <div class="stack-trace">org.testng.TestNGException: 
Method setUp requires 2 parameters but 1 were supplied in the BeforeMethod annotation.
	at java.util.ArrayList.forEach(ArrayList.java:1259)
... Removed 28 stack frames
</div> <!-- stack-trace -->
                </div> <!-- method-content -->
              </div> <!-- method -->
              <div class="method">
                <div class="method-content">
                  <a name="validCredintailsTest(accountant, accountant, Default - English (Standard), OpenEMR)">
                  </a> <!-- validCredintailsTest(accountant, accountant, Default - English (Standard), OpenEMR) -->
                  <span class="method-name">validCredintailsTest</span>
                  <span class="parameters">(accountant, accountant, Default - English (Standard), OpenEMR)</span>
                  <div class="stack-trace">org.testng.TestNGException: 
Method setUp requires 2 parameters but 1 were supplied in the BeforeMethod annotation.
	at java.util.ArrayList.forEach(ArrayList.java:1259)
... Removed 28 stack frames
</div> <!-- stack-trace -->
                </div> <!-- method-content -->
              </div> <!-- method -->
              <div class="method">
                <div class="method-content">
                  <a name="validCredintailsTest(physician, physician, Default - English (Standard), OpenEMR)">
                  </a> <!-- validCredintailsTest(physician, physician, Default - English (Standard), OpenEMR) -->
                  <span class="method-name">validCredintailsTest</span>
                  <span class="parameters">(physician, physician, Default - English (Standard), OpenEMR)</span>
                  <div class="stack-trace">org.testng.TestNGException: 
Method setUp requires 2 parameters but 1 were supplied in the BeforeMethod annotation.
	at java.util.ArrayList.forEach(ArrayList.java:1259)
... Removed 28 stack frames
</div> <!-- stack-trace -->
                </div> <!-- method-content -->
              </div> <!-- method -->
              <div class="method">
                <div class="method-content">
                  <a name="validCredintailsTest(receptionist, receptionist, Default - English (Standard), OpenEMR)">
                  </a> <!-- validCredintailsTest(receptionist, receptionist, Default - English (Standard), OpenEMR) -->
                  <span class="method-name">validCredintailsTest</span>
                  <span class="parameters">(receptionist, receptionist, Default - English (Standard), OpenEMR)</span>
                  <div class="stack-trace">org.testng.TestNGException: 
Method setUp requires 2 parameters but 1 were supplied in the BeforeMethod annotation.
	at java.util.ArrayList.forEach(ArrayList.java:1259)
... Removed 28 stack frames
</div> <!-- stack-trace -->
                </div> <!-- method-content -->
              </div> <!-- method -->
              <div class="method">
                <div class="method-content">
                  <a name="validCredintailsTest(clinician, clinician, Default - English (Standard), OpenEMR)">
                  </a> <!-- validCredintailsTest(clinician, clinician, Default - English (Standard), OpenEMR) -->
                  <span class="method-name">validCredintailsTest</span>
                  <span class="parameters">(clinician, clinician, Default - English (Standard), OpenEMR)</span>
                  <div class="stack-trace">org.testng.TestNGException: 
Method setUp requires 2 parameters but 1 were supplied in the BeforeMethod annotation.
	at java.util.ArrayList.forEach(ArrayList.java:1259)
... Removed 28 stack frames
</div> <!-- stack-trace -->
                </div> <!-- method-content -->
              </div> <!-- method -->
              <div class="method">
                <div class="method-content">
                  <a name="validCredintailsTest1(physician, physician)">
                  </a> <!-- validCredintailsTest1(physician, physician) -->
                  <span class="method-name">validCredintailsTest1</span>
                  <span class="parameters">(physician, physician)</span>
                  <div class="stack-trace">org.testng.TestNGException: 
Method setUp requires 2 parameters but 1 were supplied in the BeforeMethod annotation.
	at java.util.ArrayList.forEach(ArrayList.java:1259)
... Removed 28 stack frames
</div> <!-- stack-trace -->
                </div> <!-- method-content -->
              </div> <!-- method -->
              <div class="method">
                <div class="method-content">
                  <a name="validCredintailsTest1(clinician, clinician)">
                  </a> <!-- validCredintailsTest1(clinician, clinician) -->
                  <span class="method-name">validCredintailsTest1</span>
                  <span class="parameters">(clinician, clinician)</span>
                  <div class="stack-trace">org.testng.TestNGException: 
Method setUp requires 2 parameters but 1 were supplied in the BeforeMethod annotation.
	at java.util.ArrayList.forEach(ArrayList.java:1259)
... Removed 28 stack frames
</div> <!-- stack-trace -->
                </div> <!-- method-content -->
              </div> <!-- method -->
              <div class="method">
                <div class="method-content">
                  <a name="validCredintailsTest1(accountant, accountant)">
                  </a> <!-- validCredintailsTest1(accountant, accountant) -->
                  <span class="method-name">validCredintailsTest1</span>
                  <span class="parameters">(accountant, accountant)</span>
                  <div class="stack-trace">org.testng.TestNGException: 
Method setUp requires 2 parameters but 1 were supplied in the BeforeMethod annotation.
	at java.util.ArrayList.forEach(ArrayList.java:1259)
... Removed 28 stack frames
</div> <!-- stack-trace -->
                </div> <!-- method-content -->
              </div> <!-- method -->
              <div class="method">
                <div class="method-content">
                  <a name="validCredintailsTest1(admin, pass)">
                  </a> <!-- validCredintailsTest1(admin, pass) -->
                  <span class="method-name">validCredintailsTest1</span>
                  <span class="parameters">(admin, pass)</span>
                  <div class="stack-trace">org.testng.TestNGException: 
Method setUp requires 2 parameters but 1 were supplied in the BeforeMethod annotation.
	at java.util.ArrayList.forEach(ArrayList.java:1259)
... Removed 28 stack frames
</div> <!-- stack-trace -->
                </div> <!-- method-content -->
              </div> <!-- method -->
              <div class="method">
                <div class="method-content">
                  <a name="validCredintailsTest1(receptionist, receptionist)">
                  </a> <!-- validCredintailsTest1(receptionist, receptionist) -->
                  <span class="method-name">validCredintailsTest1</span>
                  <span class="parameters">(receptionist, receptionist)</span>
                  <div class="stack-trace">org.testng.TestNGException: 
Method setUp requires 2 parameters but 1 were supplied in the BeforeMethod annotation.
	at java.util.ArrayList.forEach(ArrayList.java:1259)
... Removed 28 stack frames
</div> <!-- stack-trace -->
                </div> <!-- method-content -->
              </div> <!-- method -->
              <div class="method">
                <div class="method-content">
                  <a name="validCredintailsTest1(admin, pass)">
                  </a> <!-- validCredintailsTest1(admin, pass) -->
                  <span class="method-name">validCredintailsTest1</span>
                  <span class="parameters">(admin, pass)</span>
                  <div class="stack-trace">org.testng.TestNGException: 
Method setUp requires 2 parameters but 1 were supplied in the BeforeMethod annotation.
	at java.util.ArrayList.forEach(ArrayList.java:1259)
... Removed 28 stack frames
</div> <!-- stack-trace -->
                </div> <!-- method-content -->
              </div> <!-- method -->
              <div class="method">
                <div class="method-content">
                  <a name="validCredintailsTest1(clinician, clinician)">
                  </a> <!-- validCredintailsTest1(clinician, clinician) -->
                  <span class="method-name">validCredintailsTest1</span>
                  <span class="parameters">(clinician, clinician)</span>
                  <div class="stack-trace">org.testng.TestNGException: 
Method setUp requires 2 parameters but 1 were supplied in the BeforeMethod annotation.
	at java.util.ArrayList.forEach(ArrayList.java:1259)
... Removed 28 stack frames
</div> <!-- stack-trace -->
                </div> <!-- method-content -->
              </div> <!-- method -->
              <div class="method">
                <div class="method-content">
                  <a name="validCredintailsTest1(accountant, accountant)">
                  </a> <!-- validCredintailsTest1(accountant, accountant) -->
                  <span class="method-name">validCredintailsTest1</span>
                  <span class="parameters">(accountant, accountant)</span>
                  <div class="stack-trace">org.testng.TestNGException: 
Method setUp requires 2 parameters but 1 were supplied in the BeforeMethod annotation.
	at java.util.ArrayList.forEach(ArrayList.java:1259)
... Removed 28 stack frames
</div> <!-- stack-trace -->
                </div> <!-- method-content -->
              </div> <!-- method -->
              <div class="method">
                <div class="method-content">
                  <a name="validCredintailsTest1(receptionist, receptionist)">
                  </a> <!-- validCredintailsTest1(receptionist, receptionist) -->
                  <span class="method-name">validCredintailsTest1</span>
                  <span class="parameters">(receptionist, receptionist)</span>
                  <div class="stack-trace">org.testng.TestNGException: 
Method setUp requires 2 parameters but 1 were supplied in the BeforeMethod annotation.
	at java.util.ArrayList.forEach(ArrayList.java:1259)
... Removed 28 stack frames
</div> <!-- stack-trace -->
                </div> <!-- method-content -->
              </div> <!-- method -->
              <div class="method">
                <div class="method-content">
                  <a name="validCredintailsTest1(physician, physician)">
                  </a> <!-- validCredintailsTest1(physician, physician) -->
                  <span class="method-name">validCredintailsTest1</span>
                  <span class="parameters">(physician, physician)</span>
                  <div class="stack-trace">org.testng.TestNGException: 
Method setUp requires 2 parameters but 1 were supplied in the BeforeMethod annotation.
	at java.util.ArrayList.forEach(ArrayList.java:1259)
... Removed 28 stack frames
</div> <!-- stack-trace -->
                </div> <!-- method-content -->
              </div> <!-- method -->
              <div class="method">
                <div class="method-content">
                  <a name="validCredintailsTest1(admin, pass)">
                  </a> <!-- validCredintailsTest1(admin, pass) -->
                  <span class="method-name">validCredintailsTest1</span>
                  <span class="parameters">(admin, pass)</span>
                  <div class="stack-trace">org.testng.TestNGException: 
Method setUp requires 2 parameters but 1 were supplied in the BeforeMethod annotation.
	at java.util.ArrayList.forEach(ArrayList.java:1259)
... Removed 28 stack frames
</div> <!-- stack-trace -->
                </div> <!-- method-content -->
              </div> <!-- method -->
              <div class="method">
                <div class="method-content">
                  <a name="validCredintailsTest1(accountant, accountant)">
                  </a> <!-- validCredintailsTest1(accountant, accountant) -->
                  <span class="method-name">validCredintailsTest1</span>
                  <span class="parameters">(accountant, accountant)</span>
                  <div class="stack-trace">org.testng.TestNGException: 
Method setUp requires 2 parameters but 1 were supplied in the BeforeMethod annotation.
	at java.util.ArrayList.forEach(ArrayList.java:1259)
... Removed 28 stack frames
</div> <!-- stack-trace -->
                </div> <!-- method-content -->
              </div> <!-- method -->
              <div class="method">
                <div class="method-content">
                  <a name="validCredintailsTest1(physician, physician)">
                  </a> <!-- validCredintailsTest1(physician, physician) -->
                  <span class="method-name">validCredintailsTest1</span>
                  <span class="parameters">(physician, physician)</span>
                  <div class="stack-trace">org.testng.TestNGException: 
Method setUp requires 2 parameters but 1 were supplied in the BeforeMethod annotation.
	at java.util.ArrayList.forEach(ArrayList.java:1259)
... Removed 28 stack frames
</div> <!-- stack-trace -->
                </div> <!-- method-content -->
              </div> <!-- method -->
              <div class="method">
                <div class="method-content">
                  <a name="validCredintailsTest1(clinician, clinician)">
                  </a> <!-- validCredintailsTest1(clinician, clinician) -->
                  <span class="method-name">validCredintailsTest1</span>
                  <span class="parameters">(clinician, clinician)</span>
                  <div class="stack-trace">org.testng.TestNGException: 
Method setUp requires 2 parameters but 1 were supplied in the BeforeMethod annotation.
	at java.util.ArrayList.forEach(ArrayList.java:1259)
... Removed 28 stack frames
</div> <!-- stack-trace -->
                </div> <!-- method-content -->
              </div> <!-- method -->
              <div class="method">
                <div class="method-content">
                  <a name="validCredintailsTest1(receptionist, receptionist)">
                  </a> <!-- validCredintailsTest1(receptionist, receptionist) -->
                  <span class="method-name">validCredintailsTest1</span>
                  <span class="parameters">(receptionist, receptionist)</span>
                  <div class="stack-trace">org.testng.TestNGException: 
Method setUp requires 2 parameters but 1 were supplied in the BeforeMethod annotation.
	at java.util.ArrayList.forEach(ArrayList.java:1259)
... Removed 28 stack frames
</div> <!-- stack-trace -->
                </div> <!-- method-content -->
              </div> <!-- method -->
            </div> <!-- main-panel-content rounded-window-bottom -->
          </div> <!-- suite-Suite2-class-skipped -->
        </div> <!-- panel Suite2 -->
        <div panel-name="test-xml-Suite2" class="panel">
          <div class="main-panel-header rounded-window-top">
            <span class="header-content">C:\Jaggu WorkSpace\OpenEmrDemo2\testng2n.xml</span>
          </div> <!-- main-panel-header rounded-window-top -->
          <div class="main-panel-content rounded-window-bottom">
            <pre>
&lt;?xml version=&quot;1.0&quot; encoding=&quot;UTF-8&quot;?&gt;
&lt;!DOCTYPE suite SYSTEM &quot;https://testng.org/testng-1.0.dtd&quot;&gt;
&lt;suite guice-stage=&quot;DEVELOPMENT&quot; name=&quot;Suite2&quot;&gt;
  &lt;test thread-count=&quot;5&quot; name=&quot;Login Test ch&quot;&gt;
    &lt;parameter name=&quot;browser&quot; value=&quot;ch&quot;/&gt;
    &lt;classes&gt;
      &lt;class name=&quot;org.slk.test.LoginTest&quot;/&gt;
    &lt;/classes&gt;
  &lt;/test&gt; &lt;!-- Login Test ch --&gt;
  &lt;test thread-count=&quot;5&quot; name=&quot; Login Test ie&quot;&gt;
    &lt;parameter name=&quot;browser&quot; value=&quot;ie&quot;/&gt;
    &lt;classes&gt;
      &lt;class name=&quot;org.slk.test.LoginTest&quot;/&gt;
    &lt;/classes&gt;
  &lt;/test&gt; &lt;!--  Login Test ie --&gt;
  &lt;test thread-count=&quot;5&quot; name=&quot; Login Test ff&quot;&gt;
    &lt;parameter name=&quot;browser&quot; value=&quot;ff&quot;/&gt;
    &lt;classes&gt;
      &lt;class name=&quot;org.slk.test.LoginTest&quot;/&gt;
    &lt;/classes&gt;
  &lt;/test&gt; &lt;!--  Login Test ff --&gt;
&lt;/suite&gt; &lt;!-- Suite2 --&gt;
            </pre>
          </div> <!-- main-panel-content rounded-window-bottom -->
        </div> <!-- panel -->
        <div panel-name="testlist-Suite2" class="panel">
          <div class="main-panel-header rounded-window-top">
            <span class="header-content">Tests for Suite2</span>
          </div> <!-- main-panel-header rounded-window-top -->
          <div class="main-panel-content rounded-window-bottom">
            <ul>
              <li>
                <span class="test-name">Login Test ch (1 class)</span>
              </li>
              <li>
                <span class="test-name"> Login Test ie (1 class)</span>
              </li>
              <li>
                <span class="test-name"> Login Test ff (1 class)</span>
              </li>
            </ul>
          </div> <!-- main-panel-content rounded-window-bottom -->
        </div> <!-- panel -->
        <div panel-name="group-Suite2" class="panel">
          <div class="main-panel-header rounded-window-top">
            <span class="header-content">Groups for Suite2</span>
          </div> <!-- main-panel-header rounded-window-top -->
          <div class="main-panel-content rounded-window-bottom">
          </div> <!-- main-panel-content rounded-window-bottom -->
        </div> <!-- panel -->
        <div panel-name="times-Suite2" class="panel">
          <div class="main-panel-header rounded-window-top">
            <span class="header-content">Times for Suite2</span>
          </div> <!-- main-panel-header rounded-window-top -->
          <div class="main-panel-content rounded-window-bottom">
            <div class="times-div">
              <script type="text/javascript">
suiteTableInitFunctions.push('tableData_Suite2');
function tableData_Suite2() {
var data = new google.visualization.DataTable();
data.addColumn('number', 'Number');
data.addColumn('string', 'Method');
data.addColumn('string', 'Class');
data.addColumn('number', 'Time (ms)');
data.addRows(45);
data.setCell(0, 0, 0)
data.setCell(0, 1, 'validCredintailsTest1')
data.setCell(0, 2, 'org.slk.test.LoginTest')
data.setCell(0, 3, 1);
data.setCell(1, 0, 1)
data.setCell(1, 1, 'validCredintailsTest1')
data.setCell(1, 2, 'org.slk.test.LoginTest')
data.setCell(1, 3, 0);
data.setCell(2, 0, 2)
data.setCell(2, 1, 'validCredintailsTest1')
data.setCell(2, 2, 'org.slk.test.LoginTest')
data.setCell(2, 3, 0);
data.setCell(3, 0, 3)
data.setCell(3, 1, 'invalidCredintailsTest')
data.setCell(3, 2, 'org.slk.test.LoginTest')
data.setCell(3, 3, 0);
data.setCell(4, 0, 4)
data.setCell(4, 1, 'invalidCredintailsTest')
data.setCell(4, 2, 'org.slk.test.LoginTest')
data.setCell(4, 3, 0);
data.setCell(5, 0, 5)
data.setCell(5, 1, 'invalidCredintailsTest')
data.setCell(5, 2, 'org.slk.test.LoginTest')
data.setCell(5, 3, 0);
data.setCell(6, 0, 6)
data.setCell(6, 1, 'invalidCredintailsTest')
data.setCell(6, 2, 'org.slk.test.LoginTest')
data.setCell(6, 3, 0);
data.setCell(7, 0, 7)
data.setCell(7, 1, 'validCredintailsTest')
data.setCell(7, 2, 'org.slk.test.LoginTest')
data.setCell(7, 3, 0);
data.setCell(8, 0, 8)
data.setCell(8, 1, 'validCredintailsTest1')
data.setCell(8, 2, 'org.slk.test.LoginTest')
data.setCell(8, 3, 0);
data.setCell(9, 0, 9)
data.setCell(9, 1, 'validCredintailsTest1')
data.setCell(9, 2, 'org.slk.test.LoginTest')
data.setCell(9, 3, 0);
data.setCell(10, 0, 10)
data.setCell(10, 1, 'validCredintailsTest')
data.setCell(10, 2, 'org.slk.test.LoginTest')
data.setCell(10, 3, 0);
data.setCell(11, 0, 11)
data.setCell(11, 1, 'invalidCredintailsTest')
data.setCell(11, 2, 'org.slk.test.LoginTest')
data.setCell(11, 3, 0);
data.setCell(12, 0, 12)
data.setCell(12, 1, 'validCredintailsTest')
data.setCell(12, 2, 'org.slk.test.LoginTest')
data.setCell(12, 3, 0);
data.setCell(13, 0, 13)
data.setCell(13, 1, 'validCredintailsTest')
data.setCell(13, 2, 'org.slk.test.LoginTest')
data.setCell(13, 3, 0);
data.setCell(14, 0, 14)
data.setCell(14, 1, 'validCredintailsTest')
data.setCell(14, 2, 'org.slk.test.LoginTest')
data.setCell(14, 3, 0);
data.setCell(15, 0, 15)
data.setCell(15, 1, 'validCredintailsTest1')
data.setCell(15, 2, 'org.slk.test.LoginTest')
data.setCell(15, 3, 0);
data.setCell(16, 0, 16)
data.setCell(16, 1, 'invalidCredintailsTest')
data.setCell(16, 2, 'org.slk.test.LoginTest')
data.setCell(16, 3, 0);
data.setCell(17, 0, 17)
data.setCell(17, 1, 'invalidCredintailsTest')
data.setCell(17, 2, 'org.slk.test.LoginTest')
data.setCell(17, 3, 0);
data.setCell(18, 0, 18)
data.setCell(18, 1, 'validCredintailsTest')
data.setCell(18, 2, 'org.slk.test.LoginTest')
data.setCell(18, 3, 0);
data.setCell(19, 0, 19)
data.setCell(19, 1, 'validCredintailsTest')
data.setCell(19, 2, 'org.slk.test.LoginTest')
data.setCell(19, 3, 0);
data.setCell(20, 0, 20)
data.setCell(20, 1, 'validCredintailsTest1')
data.setCell(20, 2, 'org.slk.test.LoginTest')
data.setCell(20, 3, 0);
data.setCell(21, 0, 21)
data.setCell(21, 1, 'invalidCredintailsTest')
data.setCell(21, 2, 'org.slk.test.LoginTest')
data.setCell(21, 3, 0);
data.setCell(22, 0, 22)
data.setCell(22, 1, 'invalidCredintailsTest')
data.setCell(22, 2, 'org.slk.test.LoginTest')
data.setCell(22, 3, 0);
data.setCell(23, 0, 23)
data.setCell(23, 1, 'validCredintailsTest')
data.setCell(23, 2, 'org.slk.test.LoginTest')
data.setCell(23, 3, 0);
data.setCell(24, 0, 24)
data.setCell(24, 1, 'validCredintailsTest')
data.setCell(24, 2, 'org.slk.test.LoginTest')
data.setCell(24, 3, 0);
data.setCell(25, 0, 25)
data.setCell(25, 1, 'validCredintailsTest')
data.setCell(25, 2, 'org.slk.test.LoginTest')
data.setCell(25, 3, 0);
data.setCell(26, 0, 26)
data.setCell(26, 1, 'validCredintailsTest1')
data.setCell(26, 2, 'org.slk.test.LoginTest')
data.setCell(26, 3, 0);
data.setCell(27, 0, 27)
data.setCell(27, 1, 'validCredintailsTest1')
data.setCell(27, 2, 'org.slk.test.LoginTest')
data.setCell(27, 3, 0);
data.setCell(28, 0, 28)
data.setCell(28, 1, 'invalidCredintailsTest')
data.setCell(28, 2, 'org.slk.test.LoginTest')
data.setCell(28, 3, 0);
data.setCell(29, 0, 29)
data.setCell(29, 1, 'validCredintailsTest1')
data.setCell(29, 2, 'org.slk.test.LoginTest')
data.setCell(29, 3, 0);
data.setCell(30, 0, 30)
data.setCell(30, 1, 'invalidCredintailsTest')
data.setCell(30, 2, 'org.slk.test.LoginTest')
data.setCell(30, 3, 0);
data.setCell(31, 0, 31)
data.setCell(31, 1, 'validCredintailsTest')
data.setCell(31, 2, 'org.slk.test.LoginTest')
data.setCell(31, 3, 0);
data.setCell(32, 0, 32)
data.setCell(32, 1, 'validCredintailsTest1')
data.setCell(32, 2, 'org.slk.test.LoginTest')
data.setCell(32, 3, 0);
data.setCell(33, 0, 33)
data.setCell(33, 1, 'validCredintailsTest')
data.setCell(33, 2, 'org.slk.test.LoginTest')
data.setCell(33, 3, 0);
data.setCell(34, 0, 34)
data.setCell(34, 1, 'validCredintailsTest1')
data.setCell(34, 2, 'org.slk.test.LoginTest')
data.setCell(34, 3, 0);
data.setCell(35, 0, 35)
data.setCell(35, 1, 'invalidCredintailsTest')
data.setCell(35, 2, 'org.slk.test.LoginTest')
data.setCell(35, 3, 0);
data.setCell(36, 0, 36)
data.setCell(36, 1, 'invalidCredintailsTest')
data.setCell(36, 2, 'org.slk.test.LoginTest')
data.setCell(36, 3, 0);
data.setCell(37, 0, 37)
data.setCell(37, 1, 'validCredintailsTest1')
data.setCell(37, 2, 'org.slk.test.LoginTest')
data.setCell(37, 3, 0);
data.setCell(38, 0, 38)
data.setCell(38, 1, 'invalidCredintailsTest')
data.setCell(38, 2, 'org.slk.test.LoginTest')
data.setCell(38, 3, 0);
data.setCell(39, 0, 39)
data.setCell(39, 1, 'validCredintailsTest1')
data.setCell(39, 2, 'org.slk.test.LoginTest')
data.setCell(39, 3, 0);
data.setCell(40, 0, 40)
data.setCell(40, 1, 'validCredintailsTest')
data.setCell(40, 2, 'org.slk.test.LoginTest')
data.setCell(40, 3, 0);
data.setCell(41, 0, 41)
data.setCell(41, 1, 'validCredintailsTest')
data.setCell(41, 2, 'org.slk.test.LoginTest')
data.setCell(41, 3, 0);
data.setCell(42, 0, 42)
data.setCell(42, 1, 'validCredintailsTest1')
data.setCell(42, 2, 'org.slk.test.LoginTest')
data.setCell(42, 3, 0);
data.setCell(43, 0, 43)
data.setCell(43, 1, 'invalidCredintailsTest')
data.setCell(43, 2, 'org.slk.test.LoginTest')
data.setCell(43, 3, 0);
data.setCell(44, 0, 44)
data.setCell(44, 1, 'validCredintailsTest')
data.setCell(44, 2, 'org.slk.test.LoginTest')
data.setCell(44, 3, 0);
window.suiteTableData['Suite2']= { tableData: data, tableDiv: 'times-div-Suite2'}
return data;
}
              </script>
              <span class="suite-total-time">Total running time: 1 ms</span>
              <div id="times-div-Suite2">
              </div> <!-- times-div-Suite2 -->
            </div> <!-- times-div -->
          </div> <!-- main-panel-content rounded-window-bottom -->
        </div> <!-- panel -->
        <div panel-name="reporter-Suite2" class="panel">
          <div class="main-panel-header rounded-window-top">
            <span class="header-content">Reporter output for Suite2</span>
          </div> <!-- main-panel-header rounded-window-top -->
          <div class="main-panel-content rounded-window-bottom">
          </div> <!-- main-panel-content rounded-window-bottom -->
        </div> <!-- panel -->
        <div panel-name="ignored-methods-Suite2" class="panel">
          <div class="main-panel-header rounded-window-top">
            <span class="header-content">0 ignored methods</span>
          </div> <!-- main-panel-header rounded-window-top -->
          <div class="main-panel-content rounded-window-bottom">
          </div> <!-- main-panel-content rounded-window-bottom -->
        </div> <!-- panel -->
        <div panel-name="chronological-Suite2" class="panel">
          <div class="main-panel-header rounded-window-top">
            <span class="header-content">Methods in chronological order</span>
          </div> <!-- main-panel-header rounded-window-top -->
          <div class="main-panel-content rounded-window-bottom">
            <div class="chronological-class">
              <div class="chronological-class-name">org.slk.test.LoginTest</div> <!-- chronological-class-name -->
              <div class="test-method">
                <span class="method-name">validCredintailsTest1(admin, pass)</span>
                <span class="method-start">0 ms</span>
              </div> <!-- test-method -->
              <div class="configuration-method after">
                <span class="method-name">tearDown</span>
                <span class="method-start">11 ms</span>
              </div> <!-- configuration-method after -->
              <div class="configuration-method before">
                <span class="method-name">setUp</span>
                <span class="method-start">17 ms</span>
              </div> <!-- configuration-method before -->
              <div class="test-method">
                <span class="method-name">validCredintailsTest1(physician, physician)</span>
                <span class="method-start">19 ms</span>
              </div> <!-- test-method -->
              <div class="configuration-method after">
                <span class="method-name">tearDown</span>
                <span class="method-start">24 ms</span>
              </div> <!-- configuration-method after -->
              <div class="configuration-method before">
                <span class="method-name">setUp</span>
                <span class="method-start">26 ms</span>
              </div> <!-- configuration-method before -->
              <div class="test-method">
                <span class="method-name">validCredintailsTest1(clinician, clinician)</span>
                <span class="method-start">27 ms</span>
              </div> <!-- test-method -->
              <div class="configuration-method after">
                <span class="method-name">tearDown</span>
                <span class="method-start">31 ms</span>
              </div> <!-- configuration-method after -->
              <div class="configuration-method before">
                <span class="method-name">setUp</span>
                <span class="method-start">33 ms</span>
              </div> <!-- configuration-method before -->
              <div class="test-method">
                <span class="method-name">validCredintailsTest1(accountant, accountant)</span>
                <span class="method-start">34 ms</span>
              </div> <!-- test-method -->
              <div class="configuration-method after">
                <span class="method-name">tearDown</span>
                <span class="method-start">43 ms</span>
              </div> <!-- configuration-method after -->
              <div class="configuration-method before">
                <span class="method-name">setUp</span>
                <span class="method-start">48 ms</span>
              </div> <!-- configuration-method before -->
              <div class="test-method">
                <span class="method-name">validCredintailsTest1(receptionist, receptionist)</span>
                <span class="method-start">49 ms</span>
              </div> <!-- test-method -->
              <div class="configuration-method after">
                <span class="method-name">tearDown</span>
                <span class="method-start">57 ms</span>
              </div> <!-- configuration-method after -->
              <div class="configuration-method before">
                <span class="method-name">setUp</span>
                <span class="method-start">904 ms</span>
              </div> <!-- configuration-method before -->
              <div class="test-method">
                <span class="method-name">invalidCredintailsTest(admin, pass123, Default - English (Standard), Invalid username or password)</span>
                <span class="method-start">905 ms</span>
              </div> <!-- test-method -->
              <div class="configuration-method after">
                <span class="method-name">tearDown</span>
                <span class="method-start">911 ms</span>
              </div> <!-- configuration-method after -->
              <div class="configuration-method before">
                <span class="method-name">setUp</span>
                <span class="method-start">915 ms</span>
              </div> <!-- configuration-method before -->
              <div class="test-method">
                <span class="method-name">invalidCredintailsTest(jon, pass123, Default - English (Standard), Invalid username or password)</span>
                <span class="method-start">917 ms</span>
              </div> <!-- test-method -->
              <div class="configuration-method after">
                <span class="method-name">tearDown</span>
                <span class="method-start">929 ms</span>
              </div> <!-- configuration-method after -->
              <div class="configuration-method before">
                <span class="method-name">setUp</span>
                <span class="method-start">932 ms</span>
              </div> <!-- configuration-method before -->
              <div class="test-method">
                <span class="method-name">invalidCredintailsTest(david, hello1, Default - English (Standard), Invalid username or password)</span>
                <span class="method-start">934 ms</span>
              </div> <!-- test-method -->
              <div class="configuration-method after">
                <span class="method-name">tearDown</span>
                <span class="method-start">942 ms</span>
              </div> <!-- configuration-method after -->
              <div class="configuration-method before">
                <span class="method-name">setUp</span>
                <span class="method-start">945 ms</span>
              </div> <!-- configuration-method before -->
              <div class="test-method">
                <span class="method-name">invalidCredintailsTest(testq, hai123, Default - English (Standard), Invalid username or password)</span>
                <span class="method-start">946 ms</span>
              </div> <!-- test-method -->
              <div class="configuration-method after">
                <span class="method-name">tearDown</span>
                <span class="method-start">951 ms</span>
              </div> <!-- configuration-method after -->
              <div class="configuration-method before">
                <span class="method-name">setUp</span>
                <span class="method-start">953 ms</span>
              </div> <!-- configuration-method before -->
              <div class="test-method">
                <span class="method-name">invalidCredintailsTest(selenium, hai123, Default - English (Standard), Invalid username or password)</span>
                <span class="method-start">956 ms</span>
              </div> <!-- test-method -->
              <div class="configuration-method after">
                <span class="method-name">tearDown</span>
                <span class="method-start">962 ms</span>
              </div> <!-- configuration-method after -->
              <div class="configuration-method before">
                <span class="method-name">setUp</span>
                <span class="method-start">1093 ms</span>
              </div> <!-- configuration-method before -->
              <div class="test-method">
                <span class="method-name">validCredintailsTest(admin, pass, Default - English (Standard), OpenEMR)</span>
                <span class="method-start">1094 ms</span>
              </div> <!-- test-method -->
              <div class="configuration-method after">
                <span class="method-name">tearDown</span>
                <span class="method-start">1102 ms</span>
              </div> <!-- configuration-method after -->
              <div class="configuration-method before">
                <span class="method-name">setUp</span>
                <span class="method-start">1106 ms</span>
              </div> <!-- configuration-method before -->
              <div class="test-method">
                <span class="method-name">validCredintailsTest(physician, physician, Default - English (Standard), OpenEMR)</span>
                <span class="method-start">1106 ms</span>
              </div> <!-- test-method -->
              <div class="configuration-method after">
                <span class="method-name">tearDown</span>
                <span class="method-start">1108 ms</span>
              </div> <!-- configuration-method after -->
              <div class="configuration-method before">
                <span class="method-name">setUp</span>
                <span class="method-start">1117 ms</span>
              </div> <!-- configuration-method before -->
              <div class="test-method">
                <span class="method-name">validCredintailsTest(clinician, clinician, Default - English (Standard), OpenEMR)</span>
                <span class="method-start">1117 ms</span>
              </div> <!-- test-method -->
              <div class="configuration-method after">
                <span class="method-name">tearDown</span>
                <span class="method-start">1121 ms</span>
              </div> <!-- configuration-method after -->
              <div class="configuration-method before">
                <span class="method-name">setUp</span>
                <span class="method-start">1126 ms</span>
              </div> <!-- configuration-method before -->
              <div class="test-method">
                <span class="method-name">validCredintailsTest(accountant, accountant, Default - English (Standard), OpenEMR)</span>
                <span class="method-start">1127 ms</span>
              </div> <!-- test-method -->
              <div class="configuration-method after">
                <span class="method-name">tearDown</span>
                <span class="method-start">1133 ms</span>
              </div> <!-- configuration-method after -->
              <div class="configuration-method before">
                <span class="method-name">setUp</span>
                <span class="method-start">1140 ms</span>
              </div> <!-- configuration-method before -->
              <div class="test-method">
                <span class="method-name">validCredintailsTest(receptionist, receptionist, Default - English (Standard), OpenEMR)</span>
                <span class="method-start">1141 ms</span>
              </div> <!-- test-method -->
              <div class="configuration-method after">
                <span class="method-name">tearDown</span>
                <span class="method-start">1143 ms</span>
              </div> <!-- configuration-method after -->
              <div class="test-method">
                <span class="method-name">validCredintailsTest1(admin, pass)</span>
                <span class="method-start">1211 ms</span>
              </div> <!-- test-method -->
              <div class="configuration-method after">
                <span class="method-name">tearDown</span>
                <span class="method-start">1221 ms</span>
              </div> <!-- configuration-method after -->
              <div class="configuration-method before">
                <span class="method-name">setUp</span>
                <span class="method-start">1223 ms</span>
              </div> <!-- configuration-method before -->
              <div class="test-method">
                <span class="method-name">validCredintailsTest1(physician, physician)</span>
                <span class="method-start">1230 ms</span>
              </div> <!-- test-method -->
              <div class="configuration-method after">
                <span class="method-name">tearDown</span>
                <span class="method-start">1243 ms</span>
              </div> <!-- configuration-method after -->
              <div class="configuration-method before">
                <span class="method-name">setUp</span>
                <span class="method-start">1248 ms</span>
              </div> <!-- configuration-method before -->
              <div class="test-method">
                <span class="method-name">validCredintailsTest1(clinician, clinician)</span>
                <span class="method-start">1253 ms</span>
              </div> <!-- test-method -->
              <div class="configuration-method after">
                <span class="method-name">tearDown</span>
                <span class="method-start">1255 ms</span>
              </div> <!-- configuration-method after -->
              <div class="configuration-method before">
                <span class="method-name">setUp</span>
                <span class="method-start">1257 ms</span>
              </div> <!-- configuration-method before -->
              <div class="test-method">
                <span class="method-name">validCredintailsTest1(accountant, accountant)</span>
                <span class="method-start">1264 ms</span>
              </div> <!-- test-method -->
              <div class="configuration-method after">
                <span class="method-name">tearDown</span>
                <span class="method-start">1272 ms</span>
              </div> <!-- configuration-method after -->
              <div class="configuration-method before">
                <span class="method-name">setUp</span>
                <span class="method-start">1274 ms</span>
              </div> <!-- configuration-method before -->
              <div class="test-method">
                <span class="method-name">validCredintailsTest1(receptionist, receptionist)</span>
                <span class="method-start">1276 ms</span>
              </div> <!-- test-method -->
              <div class="configuration-method after">
                <span class="method-name">tearDown</span>
                <span class="method-start">1278 ms</span>
              </div> <!-- configuration-method after -->
              <div class="configuration-method before">
                <span class="method-name">setUp</span>
                <span class="method-start">1349 ms</span>
              </div> <!-- configuration-method before -->
              <div class="test-method">
                <span class="method-name">invalidCredintailsTest(admin, pass123, Default - English (Standard), Invalid username or password)</span>
                <span class="method-start">1350 ms</span>
              </div> <!-- test-method -->
              <div class="configuration-method after">
                <span class="method-name">tearDown</span>
                <span class="method-start">1352 ms</span>
              </div> <!-- configuration-method after -->
              <div class="configuration-method before">
                <span class="method-name">setUp</span>
                <span class="method-start">1353 ms</span>
              </div> <!-- configuration-method before -->
              <div class="test-method">
                <span class="method-name">invalidCredintailsTest(jon, pass123, Default - English (Standard), Invalid username or password)</span>
                <span class="method-start">1354 ms</span>
              </div> <!-- test-method -->
              <div class="configuration-method after">
                <span class="method-name">tearDown</span>
                <span class="method-start">1356 ms</span>
              </div> <!-- configuration-method after -->
              <div class="configuration-method before">
                <span class="method-name">setUp</span>
                <span class="method-start">1364 ms</span>
              </div> <!-- configuration-method before -->
              <div class="test-method">
                <span class="method-name">invalidCredintailsTest(david, hello1, Default - English (Standard), Invalid username or password)</span>
                <span class="method-start">1365 ms</span>
              </div> <!-- test-method -->
              <div class="configuration-method after">
                <span class="method-name">tearDown</span>
                <span class="method-start">1368 ms</span>
              </div> <!-- configuration-method after -->
              <div class="configuration-method before">
                <span class="method-name">setUp</span>
                <span class="method-start">1369 ms</span>
              </div> <!-- configuration-method before -->
              <div class="test-method">
                <span class="method-name">invalidCredintailsTest(testq, hai123, Default - English (Standard), Invalid username or password)</span>
                <span class="method-start">1371 ms</span>
              </div> <!-- test-method -->
              <div class="configuration-method after">
                <span class="method-name">tearDown</span>
                <span class="method-start">1373 ms</span>
              </div> <!-- configuration-method after -->
              <div class="configuration-method before">
                <span class="method-name">setUp</span>
                <span class="method-start">1380 ms</span>
              </div> <!-- configuration-method before -->
              <div class="test-method">
                <span class="method-name">invalidCredintailsTest(selenium, hai123, Default - English (Standard), Invalid username or password)</span>
                <span class="method-start">1385 ms</span>
              </div> <!-- test-method -->
              <div class="configuration-method after">
                <span class="method-name">tearDown</span>
                <span class="method-start">1387 ms</span>
              </div> <!-- configuration-method after -->
              <div class="configuration-method before">
                <span class="method-name">setUp</span>
                <span class="method-start">1476 ms</span>
              </div> <!-- configuration-method before -->
              <div class="test-method">
                <span class="method-name">validCredintailsTest(admin, pass, Default - English (Standard), OpenEMR)</span>
                <span class="method-start">1482 ms</span>
              </div> <!-- test-method -->
              <div class="configuration-method after">
                <span class="method-name">tearDown</span>
                <span class="method-start">1485 ms</span>
              </div> <!-- configuration-method after -->
              <div class="configuration-method before">
                <span class="method-name">setUp</span>
                <span class="method-start">1487 ms</span>
              </div> <!-- configuration-method before -->
              <div class="test-method">
                <span class="method-name">validCredintailsTest(physician, physician, Default - English (Standard), OpenEMR)</span>
                <span class="method-start">1490 ms</span>
              </div> <!-- test-method -->
              <div class="configuration-method after">
                <span class="method-name">tearDown</span>
                <span class="method-start">1492 ms</span>
              </div> <!-- configuration-method after -->
              <div class="configuration-method before">
                <span class="method-name">setUp</span>
                <span class="method-start">1494 ms</span>
              </div> <!-- configuration-method before -->
              <div class="test-method">
                <span class="method-name">validCredintailsTest(clinician, clinician, Default - English (Standard), OpenEMR)</span>
                <span class="method-start">1496 ms</span>
              </div> <!-- test-method -->
              <div class="configuration-method after">
                <span class="method-name">tearDown</span>
                <span class="method-start">1504 ms</span>
              </div> <!-- configuration-method after -->
              <div class="configuration-method before">
                <span class="method-name">setUp</span>
                <span class="method-start">1506 ms</span>
              </div> <!-- configuration-method before -->
              <div class="test-method">
                <span class="method-name">validCredintailsTest(accountant, accountant, Default - English (Standard), OpenEMR)</span>
                <span class="method-start">1508 ms</span>
              </div> <!-- test-method -->
              <div class="configuration-method after">
                <span class="method-name">tearDown</span>
                <span class="method-start">1509 ms</span>
              </div> <!-- configuration-method after -->
              <div class="configuration-method before">
                <span class="method-name">setUp</span>
                <span class="method-start">1512 ms</span>
              </div> <!-- configuration-method before -->
              <div class="test-method">
                <span class="method-name">validCredintailsTest(receptionist, receptionist, Default - English (Standard), OpenEMR)</span>
                <span class="method-start">1517 ms</span>
              </div> <!-- test-method -->
              <div class="configuration-method after">
                <span class="method-name">tearDown</span>
                <span class="method-start">1518 ms</span>
              </div> <!-- configuration-method after -->
              <div class="test-method">
                <span class="method-name">validCredintailsTest1(admin, pass)</span>
                <span class="method-start">1590 ms</span>
              </div> <!-- test-method -->
              <div class="configuration-method after">
                <span class="method-name">tearDown</span>
                <span class="method-start">1592 ms</span>
              </div> <!-- configuration-method after -->
              <div class="configuration-method before">
                <span class="method-name">setUp</span>
                <span class="method-start">1613 ms</span>
              </div> <!-- configuration-method before -->
              <div class="test-method">
                <span class="method-name">validCredintailsTest1(physician, physician)</span>
                <span class="method-start">1627 ms</span>
              </div> <!-- test-method -->
              <div class="configuration-method after">
                <span class="method-name">tearDown</span>
                <span class="method-start">1634 ms</span>
              </div> <!-- configuration-method after -->
              <div class="configuration-method before">
                <span class="method-name">setUp</span>
                <span class="method-start">1640 ms</span>
              </div> <!-- configuration-method before -->
              <div class="test-method">
                <span class="method-name">validCredintailsTest1(clinician, clinician)</span>
                <span class="method-start">1645 ms</span>
              </div> <!-- test-method -->
              <div class="configuration-method after">
                <span class="method-name">tearDown</span>
                <span class="method-start">1652 ms</span>
              </div> <!-- configuration-method after -->
              <div class="configuration-method before">
                <span class="method-name">setUp</span>
                <span class="method-start">1658 ms</span>
              </div> <!-- configuration-method before -->
              <div class="test-method">
                <span class="method-name">validCredintailsTest1(accountant, accountant)</span>
                <span class="method-start">1665 ms</span>
              </div> <!-- test-method -->
              <div class="configuration-method after">
                <span class="method-name">tearDown</span>
                <span class="method-start">1671 ms</span>
              </div> <!-- configuration-method after -->
              <div class="configuration-method before">
                <span class="method-name">setUp</span>
                <span class="method-start">1677 ms</span>
              </div> <!-- configuration-method before -->
              <div class="test-method">
                <span class="method-name">validCredintailsTest1(receptionist, receptionist)</span>
                <span class="method-start">1685 ms</span>
              </div> <!-- test-method -->
              <div class="configuration-method after">
                <span class="method-name">tearDown</span>
                <span class="method-start">1692 ms</span>
              </div> <!-- configuration-method after -->
              <div class="configuration-method before">
                <span class="method-name">setUp</span>
                <span class="method-start">1767 ms</span>
              </div> <!-- configuration-method before -->
              <div class="test-method">
                <span class="method-name">invalidCredintailsTest(admin, pass123, Default - English (Standard), Invalid username or password)</span>
                <span class="method-start">1777 ms</span>
              </div> <!-- test-method -->
              <div class="configuration-method after">
                <span class="method-name">tearDown</span>
                <span class="method-start">1783 ms</span>
              </div> <!-- configuration-method after -->
              <div class="configuration-method before">
                <span class="method-name">setUp</span>
                <span class="method-start">1785 ms</span>
              </div> <!-- configuration-method before -->
              <div class="test-method">
                <span class="method-name">invalidCredintailsTest(jon, pass123, Default - English (Standard), Invalid username or password)</span>
                <span class="method-start">1790 ms</span>
              </div> <!-- test-method -->
              <div class="configuration-method after">
                <span class="method-name">tearDown</span>
                <span class="method-start">1792 ms</span>
              </div> <!-- configuration-method after -->
              <div class="configuration-method before">
                <span class="method-name">setUp</span>
                <span class="method-start">1794 ms</span>
              </div> <!-- configuration-method before -->
              <div class="test-method">
                <span class="method-name">invalidCredintailsTest(david, hello1, Default - English (Standard), Invalid username or password)</span>
                <span class="method-start">1797 ms</span>
              </div> <!-- test-method -->
              <div class="configuration-method after">
                <span class="method-name">tearDown</span>
                <span class="method-start">1798 ms</span>
              </div> <!-- configuration-method after -->
              <div class="configuration-method before">
                <span class="method-name">setUp</span>
                <span class="method-start">1803 ms</span>
              </div> <!-- configuration-method before -->
              <div class="test-method">
                <span class="method-name">invalidCredintailsTest(testq, hai123, Default - English (Standard), Invalid username or password)</span>
                <span class="method-start">1804 ms</span>
              </div> <!-- test-method -->
              <div class="configuration-method after">
                <span class="method-name">tearDown</span>
                <span class="method-start">1809 ms</span>
              </div> <!-- configuration-method after -->
              <div class="configuration-method before">
                <span class="method-name">setUp</span>
                <span class="method-start">1811 ms</span>
              </div> <!-- configuration-method before -->
              <div class="test-method">
                <span class="method-name">invalidCredintailsTest(selenium, hai123, Default - English (Standard), Invalid username or password)</span>
                <span class="method-start">1811 ms</span>
              </div> <!-- test-method -->
              <div class="configuration-method after">
                <span class="method-name">tearDown</span>
                <span class="method-start">1813 ms</span>
              </div> <!-- configuration-method after -->
              <div class="configuration-method before">
                <span class="method-name">setUp</span>
                <span class="method-start">1893 ms</span>
              </div> <!-- configuration-method before -->
              <div class="test-method">
                <span class="method-name">validCredintailsTest(admin, pass, Default - English (Standard), OpenEMR)</span>
                <span class="method-start">1895 ms</span>
              </div> <!-- test-method -->
              <div class="configuration-method after">
                <span class="method-name">tearDown</span>
                <span class="method-start">1896 ms</span>
              </div> <!-- configuration-method after -->
              <div class="configuration-method before">
                <span class="method-name">setUp</span>
                <span class="method-start">1898 ms</span>
              </div> <!-- configuration-method before -->
              <div class="test-method">
                <span class="method-name">validCredintailsTest(physician, physician, Default - English (Standard), OpenEMR)</span>
                <span class="method-start">1904 ms</span>
              </div> <!-- test-method -->
              <div class="configuration-method after">
                <span class="method-name">tearDown</span>
                <span class="method-start">1905 ms</span>
              </div> <!-- configuration-method after -->
              <div class="configuration-method before">
                <span class="method-name">setUp</span>
                <span class="method-start">1907 ms</span>
              </div> <!-- configuration-method before -->
              <div class="test-method">
                <span class="method-name">validCredintailsTest(clinician, clinician, Default - English (Standard), OpenEMR)</span>
                <span class="method-start">1909 ms</span>
              </div> <!-- test-method -->
              <div class="configuration-method after">
                <span class="method-name">tearDown</span>
                <span class="method-start">1910 ms</span>
              </div> <!-- configuration-method after -->
              <div class="configuration-method before">
                <span class="method-name">setUp</span>
                <span class="method-start">1911 ms</span>
              </div> <!-- configuration-method before -->
              <div class="test-method">
                <span class="method-name">validCredintailsTest(accountant, accountant, Default - English (Standard), OpenEMR)</span>
                <span class="method-start">1913 ms</span>
              </div> <!-- test-method -->
              <div class="configuration-method after">
                <span class="method-name">tearDown</span>
                <span class="method-start">1919 ms</span>
              </div> <!-- configuration-method after -->
              <div class="configuration-method before">
                <span class="method-name">setUp</span>
                <span class="method-start">1920 ms</span>
              </div> <!-- configuration-method before -->
              <div class="test-method">
                <span class="method-name">validCredintailsTest(receptionist, receptionist, Default - English (Standard), OpenEMR)</span>
                <span class="method-start">1922 ms</span>
              </div> <!-- test-method -->
              <div class="configuration-method after">
                <span class="method-name">tearDown</span>
                <span class="method-start">1924 ms</span>
              </div> <!-- configuration-method after -->
          </div> <!-- main-panel-content rounded-window-bottom -->
        </div> <!-- panel -->
      </div> <!-- main-panel-root -->
    </div> <!-- wrapper -->
  </body>
<script type="text/javascript" src="testng-reports2.js"></script>
</html>
